25-Mar-24 15:51:26.324 [main] WARN  util.Progress> Class <A href='classDetail.do?cid=55'>C55</A> has zero class limit.
25-Mar-24 15:51:26.325 [main] WARN  util.Progress> Class <A href='classDetail.do?cid=67'>C67</A> has zero class limit.
25-Mar-24 15:51:26.521 [main] WARN  util.Progress> Class <A href='classDetail.do?cid=211'>C211</A> has zero class limit.
25-Mar-24 15:51:26.527 [main] WARN  util.Progress> Class <A href='classDetail.do?cid=212'>C212</A> has zero class limit.
25-Mar-24 15:51:26.528 [main] WARN  util.Progress> Class <A href='classDetail.do?cid=213'>C213</A> has zero class limit.
25-Mar-24 15:51:26.529 [main] WARN  util.Progress> Class <A href='classDetail.do?cid=214'>C214</A> has zero class limit.
25-Mar-24 15:51:26.530 [main] WARN  util.Progress> Class <A href='classDetail.do?cid=215'>C215</A> has zero class limit.
25-Mar-24 15:51:26.530 [main] WARN  util.Progress> Class <A href='classDetail.do?cid=221'>C221</A> has zero class limit.
25-Mar-24 15:51:26.531 [main] WARN  util.Progress> Class <A href='classDetail.do?cid=222'>C222</A> has zero class limit.
25-Mar-24 15:51:26.532 [main] WARN  util.Progress> Class <A href='classDetail.do?cid=223'>C223</A> has zero class limit.
25-Mar-24 15:51:26.534 [main] WARN  util.Progress> Class <A href='classDetail.do?cid=224'>C224</A> has zero class limit.
25-Mar-24 15:51:26.535 [main] WARN  util.Progress> Class <A href='classDetail.do?cid=225'>C225</A> has zero class limit.
25-Mar-24 15:51:26.535 [main] WARN  util.Progress> Class <A href='classDetail.do?cid=231'>C231</A> has zero class limit.
25-Mar-24 15:51:26.536 [main] WARN  util.Progress> Class <A href='classDetail.do?cid=232'>C232</A> has zero class limit.
25-Mar-24 15:51:26.536 [main] WARN  util.Progress> Class <A href='classDetail.do?cid=233'>C233</A> has zero class limit.
25-Mar-24 15:51:26.537 [main] WARN  util.Progress> Class <A href='classDetail.do?cid=234'>C234</A> has zero class limit.
25-Mar-24 15:51:26.537 [main] WARN  util.Progress> Class <A href='classDetail.do?cid=235'>C235</A> has zero class limit.
25-Mar-24 15:51:26.537 [main] WARN  util.Progress> Class <A href='classDetail.do?cid=241'>C241</A> has zero class limit.
25-Mar-24 15:51:26.538 [main] WARN  util.Progress> Class <A href='classDetail.do?cid=242'>C242</A> has zero class limit.
25-Mar-24 15:51:26.538 [main] WARN  util.Progress> Class <A href='classDetail.do?cid=243'>C243</A> has zero class limit.
25-Mar-24 15:51:26.538 [main] WARN  util.Progress> Class <A href='classDetail.do?cid=244'>C244</A> has zero class limit.
25-Mar-24 15:51:26.539 [main] WARN  util.Progress> Class <A href='classDetail.do?cid=245'>C245</A> has zero class limit.
25-Mar-24 15:51:26.621 [main] WARN  util.Progress> Class <A href='classDetail.do?cid=466'>C466</A> has zero class limit.
25-Mar-24 15:51:26.621 [main] WARN  util.Progress> Class <A href='classDetail.do?cid=462'>C462</A> has zero class limit.
25-Mar-24 15:51:26.632 [main] WARN  util.Progress> Class <A href='classDetail.do?cid=511'>C511</A> has zero class limit.
25-Mar-24 15:51:31.585 [Solver] INFO  util.Progress> [Solving problem ...]
25-Mar-24 15:51:31.588 [Solver] INFO  solver.Solver> Using org.cpsolver.ifs.termination.MPPTerminationCondition
25-Mar-24 15:51:31.593 [Solver] INFO  solver.Solver> Using org.cpsolver.coursett.heuristics.TimetableComparator
25-Mar-24 15:51:31.594 [Solver] INFO  solver.Solver> Using org.cpsolver.ifs.algorithms.SimpleSearch
25-Mar-24 15:51:31.607 [Solver] INFO  heuristics.StandardNeighbourSelection> Using org.cpsolver.coursett.heuristics.PlacementSelection
25-Mar-24 15:51:31.608 [Solver] INFO  heuristics.StandardNeighbourSelection> Using org.cpsolver.coursett.heuristics.LectureSelection
25-Mar-24 15:51:31.609 [Solver] INFO  heuristics.StandardNeighbourSelection> Using org.cpsolver.coursett.heuristics.PlacementSelection
25-Mar-24 15:51:31.609 [Solver] INFO  heuristics.StandardNeighbourSelection> Using org.cpsolver.coursett.heuristics.LectureSelection
25-Mar-24 15:51:31.622 [Solver] INFO  solver.Solver> Using org.cpsolver.coursett.heuristics.UniversalPerturbationsCounter
25-Mar-24 15:51:31.624 [Solver] INFO  solver.Solver> Using org.cpsolver.ifs.extension.ConflictStatistics
25-Mar-24 15:51:31.638 [Solver] INFO  util.JProf> Using wall time.
25-Mar-24 15:51:31.656 [Solver] INFO  solver.Solver> Initial solution:[
    Assigned variables: 0.00% (0/569)
    Distribution preferences: 100.00% (0.00)
    Iteration: 0
    Memory usage: 335.56M
    Overall solution value: 0.00
    Room preferences: 100.00% (0)
    Same subpart balancing penalty: 0.00
    Student conflicts: 0 [committed:0, distance:0, hard:0]
    Time: 0.00 min
    Time preferences: 100.00% (0.00)
    Too big rooms: 0.00% (0)
    Useless half-hours: 0.00% (0 + 0)
  ]
25-Mar-24 15:51:31.671 [Solver] INFO  coursett.Test> **BEST[0]** V:0/569, T:0.00
25-Mar-24 15:51:31.672 [Solver] INFO  util.Progress> [Solver] Construction...
25-Mar-24 15:51:31.743 [Solver] INFO  coursett.Test> **BEST[1]** V:1/569, T:0.00
25-Mar-24 15:51:31.789 [Solver] INFO  coursett.Test> **BEST[2]** V:2/569, T:0.00
25-Mar-24 15:51:31.812 [Solver] INFO  coursett.Test> **BEST[3]** V:3/569, T:0.00
25-Mar-24 15:51:31.832 [Solver] INFO  coursett.Test> **BEST[4]** V:4/569, T:0.00
25-Mar-24 15:51:31.896 [Solver] INFO  coursett.Test> **BEST[5]** V:5/569, T:0.00
25-Mar-24 15:51:32.015 [Solver] INFO  coursett.Test> **BEST[6]** V:6/569, T:0.00
25-Mar-24 15:51:32.099 [Solver] INFO  coursett.Test> **BEST[7]** V:7/569, T:0.00
25-Mar-24 15:51:32.609 [Solver] INFO  coursett.Test> **BEST[8]** V:8/569, T:0.00
25-Mar-24 15:51:32.618 [Solver] INFO  coursett.Test> **BEST[9]** V:9/569, T:0.00
25-Mar-24 15:51:32.631 [Solver] INFO  coursett.Test> **BEST[10]** V:10/569, T:0.00
25-Mar-24 15:51:32.645 [Solver] INFO  coursett.Test> **BEST[11]** V:11/569, T:0.00
25-Mar-24 15:51:32.655 [Solver] INFO  coursett.Test> **BEST[12]** V:12/569, T:0.00
25-Mar-24 15:51:32.663 [Solver] INFO  coursett.Test> **BEST[13]** V:13/569, T:0.00
25-Mar-24 15:51:32.726 [Solver] INFO  coursett.Test> **BEST[14]** V:14/569, T:0.00
25-Mar-24 15:51:32.764 [Solver] INFO  coursett.Test> **BEST[15]** V:15/569, T:0.00
25-Mar-24 15:51:32.789 [Solver] INFO  coursett.Test> **BEST[16]** V:16/569, T:0.00
25-Mar-24 15:51:32.838 [Solver] INFO  coursett.Test> **BEST[17]** V:17/569, T:0.00
25-Mar-24 15:51:32.850 [Solver] INFO  coursett.Test> **BEST[18]** V:18/569, T:0.00
25-Mar-24 15:51:32.860 [Solver] INFO  coursett.Test> **BEST[19]** V:19/569, T:0.00
25-Mar-24 15:51:32.889 [Solver] INFO  coursett.Test> **BEST[20]** V:20/569, T:0.00
25-Mar-24 15:51:32.918 [Solver] INFO  coursett.Test> **BEST[21]** V:21/569, T:0.00
25-Mar-24 15:51:32.972 [Solver] INFO  coursett.Test> **BEST[22]** V:22/569, T:0.00
25-Mar-24 15:51:33.626 [Solver] INFO  coursett.Test> **BEST[23]** V:23/569, T:0.00
25-Mar-24 15:51:33.638 [Solver] INFO  coursett.Test> **BEST[24]** V:24/569, T:0.00
25-Mar-24 15:51:33.652 [Solver] INFO  coursett.Test> **BEST[25]** V:25/569, T:0.00
25-Mar-24 15:51:33.671 [Solver] INFO  coursett.Test> **BEST[26]** V:26/569, T:0.00
25-Mar-24 15:51:33.682 [Solver] INFO  coursett.Test> **BEST[27]** V:27/569, T:0.00
25-Mar-24 15:51:33.696 [Solver] INFO  coursett.Test> **BEST[28]** V:28/569, T:0.00
25-Mar-24 15:51:33.748 [Solver] INFO  coursett.Test> **BEST[29]** V:29/569, T:0.00
25-Mar-24 15:51:33.754 [Solver] INFO  coursett.Test> **BEST[30]** V:30/569, T:0.00
25-Mar-24 15:51:33.781 [Solver] INFO  coursett.Test> **BEST[31]** V:31/569, T:0.00
25-Mar-24 15:51:33.794 [Solver] INFO  coursett.Test> **BEST[32]** V:32/569, T:0.00
25-Mar-24 15:51:33.805 [Solver] INFO  coursett.Test> **BEST[33]** V:33/569, T:0.00
25-Mar-24 15:51:33.841 [Solver] INFO  coursett.Test> **BEST[34]** V:34/569, T:0.00
25-Mar-24 15:51:33.849 [Solver] INFO  coursett.Test> **BEST[35]** V:35/569, T:0.00
25-Mar-24 15:51:33.862 [Solver] INFO  coursett.Test> **BEST[36]** V:36/569, T:0.00
25-Mar-24 15:51:33.873 [Solver] INFO  coursett.Test> **BEST[37]** V:37/569, T:0.00
25-Mar-24 15:51:33.890 [Solver] INFO  coursett.Test> **BEST[38]** V:38/569, T:0.00
25-Mar-24 15:51:33.899 [Solver] INFO  coursett.Test> **BEST[39]** V:39/569, T:0.00
25-Mar-24 15:51:33.928 [Solver] INFO  coursett.Test> **BEST[40]** V:40/569, T:0.00
25-Mar-24 15:51:34.035 [Solver] INFO  coursett.Test> **BEST[41]** V:41/569, T:0.00
25-Mar-24 15:51:34.088 [Solver] INFO  coursett.Test> **BEST[42]** V:42/569, T:0.00
25-Mar-24 15:51:34.100 [Solver] INFO  coursett.Test> **BEST[43]** V:43/569, T:0.00
25-Mar-24 15:51:34.106 [Solver] INFO  coursett.Test> **BEST[44]** V:44/569, T:0.00
25-Mar-24 15:51:34.134 [Solver] INFO  coursett.Test> **BEST[45]** V:45/569, T:0.00
25-Mar-24 15:51:34.155 [Solver] INFO  coursett.Test> **BEST[46]** V:46/569, T:0.00
25-Mar-24 15:51:34.193 [Solver] INFO  coursett.Test> **BEST[47]** V:47/569, T:0.00
25-Mar-24 15:51:34.218 [Solver] INFO  coursett.Test> **BEST[48]** V:48/569, T:0.00
25-Mar-24 15:51:34.242 [Solver] INFO  coursett.Test> **BEST[49]** V:49/569, T:0.00
25-Mar-24 15:51:34.272 [Solver] INFO  coursett.Test> **BEST[50]** V:50/569, T:0.00
25-Mar-24 15:51:34.279 [Solver] INFO  coursett.Test> **BEST[51]** V:51/569, T:0.00
25-Mar-24 15:51:34.311 [Solver] INFO  coursett.Test> **BEST[52]** V:52/569, T:0.00
25-Mar-24 15:51:34.336 [Solver] INFO  coursett.Test> **BEST[53]** V:53/569, T:0.00
25-Mar-24 15:51:34.374 [Solver] INFO  coursett.Test> **BEST[54]** V:54/569, T:0.00
25-Mar-24 15:51:34.427 [Solver] INFO  coursett.Test> **BEST[55]** V:55/569, T:0.00
25-Mar-24 15:51:34.434 [Solver] INFO  coursett.Test> **BEST[56]** V:56/569, T:0.00
25-Mar-24 15:51:34.460 [Solver] INFO  coursett.Test> **BEST[57]** V:57/569, T:0.00
25-Mar-24 15:51:34.474 [Solver] INFO  coursett.Test> **BEST[58]** V:58/569, T:0.00
25-Mar-24 15:51:34.497 [Solver] INFO  coursett.Test> **BEST[59]** V:59/569, T:0.00
25-Mar-24 15:51:34.506 [Solver] INFO  coursett.Test> **BEST[60]** V:60/569, T:0.00
25-Mar-24 15:51:34.536 [Solver] INFO  coursett.Test> **BEST[61]** V:61/569, T:0.00
25-Mar-24 15:51:34.552 [Solver] INFO  coursett.Test> **BEST[62]** V:62/569, T:0.00
25-Mar-24 15:51:34.580 [Solver] INFO  coursett.Test> **BEST[63]** V:63/569, T:0.00
25-Mar-24 15:51:34.615 [Solver] INFO  coursett.Test> **BEST[64]** V:64/569, T:0.00
25-Mar-24 15:51:34.630 [Solver] INFO  coursett.Test> **BEST[65]** V:65/569, T:0.00
25-Mar-24 15:51:34.646 [Solver] INFO  coursett.Test> **BEST[66]** V:66/569, T:0.00
25-Mar-24 15:51:34.656 [Solver] INFO  coursett.Test> **BEST[67]** V:67/569, T:0.00
25-Mar-24 15:51:34.666 [Solver] INFO  coursett.Test> **BEST[68]** V:68/569, T:0.00
25-Mar-24 15:51:34.672 [Solver] INFO  coursett.Test> **BEST[69]** V:69/569, T:0.00
25-Mar-24 15:51:34.684 [Solver] INFO  coursett.Test> **BEST[70]** V:70/569, T:0.00
25-Mar-24 15:51:34.696 [Solver] INFO  coursett.Test> **BEST[71]** V:71/569, T:0.00
25-Mar-24 15:51:34.726 [Solver] INFO  coursett.Test> **BEST[72]** V:72/569, T:0.00
25-Mar-24 15:51:34.745 [Solver] INFO  coursett.Test> **BEST[73]** V:73/569, T:0.00
25-Mar-24 15:51:34.782 [Solver] INFO  coursett.Test> **BEST[74]** V:74/569, T:0.00
25-Mar-24 15:51:34.789 [Solver] INFO  coursett.Test> **BEST[75]** V:75/569, T:0.00
25-Mar-24 15:51:34.795 [Solver] INFO  coursett.Test> **BEST[76]** V:76/569, T:0.00
25-Mar-24 15:51:34.817 [Solver] INFO  coursett.Test> **BEST[77]** V:77/569, T:0.00
25-Mar-24 15:51:34.823 [Solver] INFO  coursett.Test> **BEST[78]** V:78/569, T:0.00
25-Mar-24 15:51:34.844 [Solver] INFO  coursett.Test> **BEST[79]** V:79/569, T:0.00
25-Mar-24 15:51:34.867 [Solver] INFO  coursett.Test> **BEST[80]** V:80/569, T:0.00
25-Mar-24 15:51:34.880 [Solver] INFO  coursett.Test> **BEST[81]** V:81/569, T:0.00
25-Mar-24 15:51:34.910 [Solver] INFO  coursett.Test> **BEST[82]** V:82/569, T:0.00
25-Mar-24 15:51:34.924 [Solver] INFO  coursett.Test> **BEST[83]** V:83/569, T:0.00
25-Mar-24 15:51:34.953 [Solver] INFO  coursett.Test> **BEST[84]** V:84/569, T:0.00
25-Mar-24 15:51:34.958 [Solver] INFO  coursett.Test> **BEST[85]** V:85/569, T:0.00
25-Mar-24 15:51:34.969 [Solver] INFO  coursett.Test> **BEST[86]** V:86/569, T:0.00
25-Mar-24 15:51:34.982 [Solver] INFO  coursett.Test> **BEST[87]** V:87/569, T:0.00
25-Mar-24 15:51:35.000 [Solver] INFO  coursett.Test> **BEST[88]** V:88/569, T:0.00
25-Mar-24 15:51:35.008 [Solver] INFO  coursett.Test> **BEST[89]** V:89/569, T:0.00
25-Mar-24 15:51:35.014 [Solver] INFO  coursett.Test> **BEST[90]** V:90/569, T:0.00
25-Mar-24 15:51:35.031 [Solver] INFO  coursett.Test> **BEST[91]** V:91/569, T:0.00
25-Mar-24 15:51:35.044 [Solver] INFO  coursett.Test> **BEST[92]** V:92/569, T:0.00
25-Mar-24 15:51:35.055 [Solver] INFO  coursett.Test> **BEST[93]** V:93/569, T:0.00
25-Mar-24 15:51:35.082 [Solver] INFO  coursett.Test> **BEST[94]** V:94/569, T:0.00
25-Mar-24 15:51:35.088 [Solver] INFO  coursett.Test> **BEST[95]** V:95/569, T:0.00
25-Mar-24 15:51:35.089 [Solver] INFO  coursett.Test> **BEST[96]** V:96/569, T:0.00
25-Mar-24 15:51:35.098 [Solver] INFO  coursett.Test> **BEST[97]** V:97/569, T:0.00
25-Mar-24 15:51:35.119 [Solver] INFO  coursett.Test> **BEST[98]** V:98/569, T:0.00
25-Mar-24 15:51:35.129 [Solver] INFO  coursett.Test> **BEST[99]** V:99/569, T:0.00
25-Mar-24 15:51:35.136 [Solver] INFO  coursett.Test> **BEST[100]** V:100/569, T:0.00
25-Mar-24 15:51:35.143 [Solver] INFO  coursett.Test> **BEST[101]** V:101/569, T:0.00
25-Mar-24 15:51:35.158 [Solver] INFO  coursett.Test> **BEST[102]** V:102/569, T:0.00
25-Mar-24 15:51:35.165 [Solver] INFO  coursett.Test> **BEST[103]** V:103/569, T:0.00
25-Mar-24 15:51:35.173 [Solver] INFO  coursett.Test> **BEST[104]** V:104/569, T:0.00
25-Mar-24 15:51:35.684 [Solver] INFO  coursett.Test> **BEST[105]** V:105/569, T:0.00
25-Mar-24 15:51:35.688 [Solver] INFO  coursett.Test> **BEST[106]** V:106/569, T:0.00
25-Mar-24 15:51:35.715 [Solver] INFO  coursett.Test> **BEST[107]** V:107/569, T:0.00
25-Mar-24 15:51:35.721 [Solver] INFO  coursett.Test> **BEST[108]** V:108/569, T:0.00
25-Mar-24 15:51:35.728 [Solver] INFO  coursett.Test> **BEST[109]** V:109/569, T:0.00
25-Mar-24 15:51:35.738 [Solver] INFO  coursett.Test> **BEST[110]** V:110/569, T:0.00
25-Mar-24 15:51:35.755 [Solver] INFO  coursett.Test> **BEST[111]** V:111/569, T:0.00
25-Mar-24 15:51:35.768 [Solver] INFO  coursett.Test> **BEST[112]** V:112/569, T:0.00
25-Mar-24 15:51:35.781 [Solver] INFO  coursett.Test> **BEST[113]** V:113/569, T:0.00
25-Mar-24 15:51:35.804 [Solver] INFO  coursett.Test> **BEST[114]** V:114/569, T:0.00
25-Mar-24 15:51:35.819 [Solver] INFO  coursett.Test> **BEST[115]** V:115/569, T:0.00
25-Mar-24 15:51:35.833 [Solver] INFO  coursett.Test> **BEST[116]** V:116/569, T:0.00
25-Mar-24 15:51:35.850 [Solver] INFO  coursett.Test> **BEST[117]** V:117/569, T:0.00
25-Mar-24 15:51:35.880 [Solver] INFO  coursett.Test> **BEST[118]** V:118/569, T:0.00
25-Mar-24 15:51:35.895 [Solver] INFO  coursett.Test> **BEST[119]** V:119/569, T:0.00
25-Mar-24 15:51:35.905 [Solver] INFO  coursett.Test> **BEST[120]** V:120/569, T:0.00
25-Mar-24 15:51:35.928 [Solver] INFO  coursett.Test> **BEST[121]** V:121/569, T:0.00
25-Mar-24 15:51:35.938 [Solver] INFO  coursett.Test> **BEST[122]** V:122/569, T:0.00
25-Mar-24 15:51:35.942 [Solver] INFO  coursett.Test> **BEST[123]** V:123/569, T:0.00
25-Mar-24 15:51:35.950 [Solver] INFO  coursett.Test> **BEST[124]** V:124/569, T:0.00
25-Mar-24 15:51:35.973 [Solver] INFO  coursett.Test> **BEST[125]** V:125/569, T:0.00
25-Mar-24 15:51:35.982 [Solver] INFO  coursett.Test> **BEST[126]** V:126/569, T:0.00
25-Mar-24 15:51:35.989 [Solver] INFO  coursett.Test> **BEST[127]** V:127/569, T:0.00
25-Mar-24 15:51:36.003 [Solver] INFO  coursett.Test> **BEST[128]** V:128/569, T:0.00
25-Mar-24 15:51:36.009 [Solver] INFO  coursett.Test> **BEST[129]** V:129/569, T:0.00
25-Mar-24 15:51:36.020 [Solver] INFO  coursett.Test> **BEST[130]** V:130/569, T:0.00
25-Mar-24 15:51:36.026 [Solver] INFO  coursett.Test> **BEST[131]** V:131/569, T:0.00
25-Mar-24 15:51:36.038 [Solver] INFO  coursett.Test> **BEST[132]** V:132/569, T:0.00
25-Mar-24 15:51:36.044 [Solver] INFO  coursett.Test> **BEST[133]** V:133/569, T:0.00
25-Mar-24 15:51:36.051 [Solver] INFO  coursett.Test> **BEST[134]** V:134/569, T:0.00
25-Mar-24 15:51:36.079 [Solver] INFO  coursett.Test> **BEST[135]** V:135/569, T:0.00
25-Mar-24 15:51:36.095 [Solver] INFO  coursett.Test> **BEST[136]** V:136/569, T:0.00
25-Mar-24 15:51:36.100 [Solver] INFO  coursett.Test> **BEST[137]** V:137/569, T:0.00
25-Mar-24 15:51:36.112 [Solver] INFO  coursett.Test> **BEST[138]** V:138/569, T:0.00
25-Mar-24 15:51:36.122 [Solver] INFO  coursett.Test> **BEST[139]** V:139/569, T:0.00
25-Mar-24 15:51:36.125 [Solver] INFO  coursett.Test> **BEST[140]** V:140/569, T:0.00
25-Mar-24 15:51:36.139 [Solver] INFO  coursett.Test> **BEST[141]** V:141/569, T:0.00
25-Mar-24 15:51:36.151 [Solver] INFO  coursett.Test> **BEST[142]** V:142/569, T:0.00
25-Mar-24 15:51:36.155 [Solver] INFO  coursett.Test> **BEST[143]** V:143/569, T:0.00
25-Mar-24 15:51:36.161 [Solver] INFO  coursett.Test> **BEST[144]** V:144/569, T:0.00
25-Mar-24 15:51:36.166 [Solver] INFO  coursett.Test> **BEST[145]** V:145/569, T:0.00
25-Mar-24 15:51:36.178 [Solver] INFO  coursett.Test> **BEST[146]** V:146/569, T:0.00
25-Mar-24 15:51:36.194 [Solver] INFO  coursett.Test> **BEST[147]** V:147/569, T:0.00
25-Mar-24 15:51:36.198 [Solver] INFO  coursett.Test> **BEST[148]** V:148/569, T:0.00
25-Mar-24 15:51:36.206 [Solver] INFO  coursett.Test> **BEST[149]** V:149/569, T:0.00
25-Mar-24 15:51:36.215 [Solver] INFO  coursett.Test> **BEST[150]** V:150/569, T:0.00
25-Mar-24 15:51:36.234 [Solver] INFO  coursett.Test> **BEST[151]** V:151/569, T:0.00
25-Mar-24 15:51:36.238 [Solver] INFO  coursett.Test> **BEST[152]** V:152/569, T:0.00
25-Mar-24 15:51:36.254 [Solver] INFO  coursett.Test> **BEST[153]** V:153/569, T:0.00
25-Mar-24 15:51:36.258 [Solver] INFO  coursett.Test> **BEST[154]** V:154/569, T:0.00
25-Mar-24 15:51:36.265 [Solver] INFO  coursett.Test> **BEST[155]** V:155/569, T:0.00
25-Mar-24 15:51:36.278 [Solver] INFO  coursett.Test> **BEST[156]** V:156/569, T:0.00
25-Mar-24 15:51:36.296 [Solver] INFO  coursett.Test> **BEST[157]** V:157/569, T:0.00
25-Mar-24 15:51:36.315 [Solver] INFO  coursett.Test> **BEST[158]** V:158/569, T:0.00
25-Mar-24 15:51:36.328 [Solver] INFO  coursett.Test> **BEST[159]** V:159/569, T:0.00
25-Mar-24 15:51:36.342 [Solver] INFO  coursett.Test> **BEST[160]** V:160/569, T:0.00
25-Mar-24 15:51:36.358 [Solver] INFO  coursett.Test> **BEST[161]** V:161/569, T:0.00
25-Mar-24 15:51:36.375 [Solver] INFO  coursett.Test> **BEST[162]** V:162/569, T:0.00
25-Mar-24 15:51:36.388 [Solver] INFO  coursett.Test> **BEST[163]** V:163/569, T:0.00
25-Mar-24 15:51:36.999 [Solver] INFO  coursett.Test> **BEST[164]** V:164/569, T:3.60, SOC:9
25-Mar-24 15:51:37.020 [Solver] INFO  coursett.Test> **BEST[165]** V:165/569, T:3.60, SOC:9
25-Mar-24 15:51:37.041 [Solver] INFO  coursett.Test> **BEST[166]** V:166/569, T:3.60, SOC:9
25-Mar-24 15:51:37.050 [Solver] INFO  coursett.Test> **BEST[167]** V:167/569, T:3.60, SOC:9
25-Mar-24 15:51:37.068 [Solver] INFO  coursett.Test> **BEST[168]** V:168/569, T:3.60, SOC:9
25-Mar-24 15:51:37.085 [Solver] INFO  coursett.Test> **BEST[169]** V:169/569, T:3.60, SOC:9
25-Mar-24 15:51:37.093 [Solver] INFO  coursett.Test> **BEST[170]** V:170/569, T:3.60, SOC:9
25-Mar-24 15:51:37.113 [Solver] INFO  coursett.Test> **BEST[171]** V:171/569, T:3.60, SOC:9
25-Mar-24 15:51:37.125 [Solver] INFO  coursett.Test> **BEST[172]** V:172/569, T:3.60, SOC:9
25-Mar-24 15:51:37.133 [Solver] INFO  coursett.Test> **BEST[173]** V:173/569, T:3.60, SOC:9
25-Mar-24 15:51:37.148 [Solver] INFO  coursett.Test> **BEST[174]** V:174/569, T:3.60, SOC:9
25-Mar-24 15:51:37.170 [Solver] INFO  coursett.Test> **BEST[175]** V:175/569, T:3.60, SOC:9
25-Mar-24 15:51:37.190 [Solver] INFO  coursett.Test> **BEST[176]** V:176/569, T:3.60, SOC:9
25-Mar-24 15:51:37.206 [Solver] INFO  coursett.Test> **BEST[177]** V:177/569, T:3.60, SOC:9
25-Mar-24 15:51:37.219 [Solver] INFO  coursett.Test> **BEST[178]** V:178/569, T:3.60, SOC:9
25-Mar-24 15:51:37.229 [Solver] INFO  coursett.Test> **BEST[179]** V:179/569, T:3.60, SOC:9
25-Mar-24 15:51:37.244 [Solver] INFO  coursett.Test> **BEST[180]** V:180/569, T:8.80, SOC:22
25-Mar-24 15:51:37.258 [Solver] INFO  coursett.Test> **BEST[181]** V:181/569, T:8.80, SOC:22
25-Mar-24 15:51:37.271 [Solver] INFO  coursett.Test> **BEST[182]** V:182/569, T:8.80, SOC:22
25-Mar-24 15:51:37.285 [Solver] INFO  coursett.Test> **BEST[183]** V:183/569, T:8.80, SOC:22
25-Mar-24 15:51:37.322 [Solver] INFO  coursett.Test> **BEST[184]** V:184/569, T:8.80, SOC:22
25-Mar-24 15:51:37.330 [Solver] INFO  coursett.Test> **BEST[185]** V:185/569, T:8.80, SOC:22
25-Mar-24 15:51:37.359 [Solver] INFO  coursett.Test> **BEST[186]** V:186/569, T:8.80, SOC:22
25-Mar-24 15:51:37.370 [Solver] INFO  coursett.Test> **BEST[187]** V:187/569, T:8.80, SOC:22
25-Mar-24 15:51:37.380 [Solver] INFO  coursett.Test> **BEST[188]** V:188/569, T:8.80, SOC:22
25-Mar-24 15:51:37.391 [Solver] INFO  coursett.Test> **BEST[189]** V:189/569, T:8.80, SOC:22
25-Mar-24 15:51:37.418 [Solver] INFO  coursett.Test> **BEST[190]** V:190/569, T:8.80, SOC:22
25-Mar-24 15:51:37.431 [Solver] INFO  coursett.Test> **BEST[191]** V:191/569, T:8.80, SOC:22
25-Mar-24 15:51:37.447 [Solver] INFO  coursett.Test> **BEST[192]** V:192/569, T:8.80, SOC:22
25-Mar-24 15:51:37.459 [Solver] INFO  coursett.Test> **BEST[193]** V:193/569, T:8.80, SOC:22
25-Mar-24 15:51:37.473 [Solver] INFO  coursett.Test> **BEST[194]** V:194/569, T:8.80, SOC:22
25-Mar-24 15:51:37.495 [Solver] INFO  coursett.Test> **BEST[195]** V:195/569, T:8.80, SOC:22
25-Mar-24 15:51:37.511 [Solver] INFO  coursett.Test> **BEST[196]** V:196/569, T:8.80, SOC:22
25-Mar-24 15:51:37.517 [Solver] INFO  coursett.Test> **BEST[197]** V:197/569, T:8.80, SOC:22
25-Mar-24 15:51:37.525 [Solver] INFO  coursett.Test> **BEST[198]** V:198/569, T:8.80, SOC:22
25-Mar-24 15:51:37.531 [Solver] INFO  coursett.Test> **BEST[199]** V:199/569, T:8.80, SOC:22
25-Mar-24 15:51:37.549 [Solver] INFO  coursett.Test> **BEST[200]** V:200/569, T:10.00, SOC:25
25-Mar-24 15:51:37.577 [Solver] INFO  coursett.Test> **BEST[201]** V:201/569, T:10.00, SOC:25
25-Mar-24 15:51:37.585 [Solver] INFO  coursett.Test> **BEST[202]** V:202/569, T:10.00, SOC:25
25-Mar-24 15:51:37.599 [Solver] INFO  coursett.Test> **BEST[203]** V:203/569, T:10.00, SOC:25
25-Mar-24 15:51:37.626 [Solver] INFO  coursett.Test> **BEST[204]** V:204/569, T:10.00, SOC:25
25-Mar-24 15:51:37.644 [Solver] INFO  coursett.Test> **BEST[205]** V:205/569, T:10.00, SOC:25
25-Mar-24 15:51:37.675 [Solver] INFO  coursett.Test> **BEST[206]** V:206/569, T:10.00, SOC:25
25-Mar-24 15:51:37.687 [Solver] INFO  coursett.Test> **BEST[207]** V:207/569, T:10.00, SOC:25
25-Mar-24 15:51:37.694 [Solver] INFO  coursett.Test> **BEST[208]** V:208/569, T:10.00, SOC:25
25-Mar-24 15:51:37.722 [Solver] INFO  coursett.Test> **BEST[209]** V:209/569, T:30.00, TP:99.82%, SOC:25
25-Mar-24 15:51:37.765 [Solver] INFO  coursett.Test> **BEST[210]** V:210/569, T:31.60, TP:99.82%, SOC:29
25-Mar-24 15:51:37.796 [Solver] INFO  coursett.Test> **BEST[211]** V:211/569, T:31.60, TP:99.82%, SOC:29
25-Mar-24 15:51:37.845 [Solver] INFO  coursett.Test> **BEST[212]** V:212/569, T:31.60, TP:99.82%, SOC:29
25-Mar-24 15:51:37.871 [Solver] INFO  coursett.Test> **BEST[213]** V:213/569, T:31.60, TP:99.82%, SOC:29
25-Mar-24 15:51:37.884 [Solver] INFO  coursett.Test> **BEST[214]** V:214/569, T:51.60, TP:99.65%, SOC:29
25-Mar-24 15:51:37.958 [Solver] INFO  coursett.Test> **BEST[215]** V:215/569, T:51.60, TP:99.65%, SOC:29
25-Mar-24 15:51:37.967 [Solver] INFO  coursett.Test> **BEST[216]** V:216/569, T:51.60, TP:99.65%, SOC:29
25-Mar-24 15:51:37.986 [Solver] INFO  coursett.Test> **BEST[217]** V:217/569, T:51.60, TP:99.65%, SOC:29
25-Mar-24 15:51:38.008 [Solver] INFO  coursett.Test> **BEST[218]** V:218/569, T:51.60, TP:99.65%, SOC:29
25-Mar-24 15:51:38.019 [Solver] INFO  coursett.Test> **BEST[219]** V:219/569, T:51.60, TP:99.65%, SOC:29
25-Mar-24 15:51:38.032 [Solver] INFO  coursett.Test> **BEST[220]** V:220/569, T:51.60, TP:99.65%, SOC:29
25-Mar-24 15:51:38.052 [Solver] INFO  coursett.Test> **BEST[221]** V:221/569, T:51.60, TP:99.65%, SOC:29
25-Mar-24 15:51:38.065 [Solver] INFO  coursett.Test> **BEST[222]** V:222/569, T:51.60, TP:99.65%, SOC:29
25-Mar-24 15:51:38.072 [Solver] INFO  coursett.Test> **BEST[223]** V:223/569, T:51.60, TP:99.65%, SOC:29
25-Mar-24 15:51:38.088 [Solver] INFO  coursett.Test> **BEST[224]** V:224/569, T:51.60, TP:99.65%, SOC:29
25-Mar-24 15:51:38.102 [Solver] INFO  coursett.Test> **BEST[225]** V:225/569, T:51.60, TP:99.65%, SOC:29
25-Mar-24 15:51:38.114 [Solver] INFO  coursett.Test> **BEST[226]** V:226/569, T:55.20, TP:99.65%, SOC:38
25-Mar-24 15:51:38.120 [Solver] INFO  coursett.Test> **BEST[227]** V:227/569, T:55.20, TP:99.65%, SOC:38
25-Mar-24 15:51:38.131 [Solver] INFO  coursett.Test> **BEST[228]** V:228/569, T:75.20, TP:99.47%, SOC:38
25-Mar-24 15:51:38.148 [Solver] INFO  coursett.Test> **BEST[229]** V:229/569, T:75.20, TP:99.47%, SOC:38
25-Mar-24 15:51:38.161 [Solver] INFO  coursett.Test> **BEST[230]** V:230/569, T:75.20, TP:99.47%, SOC:38
25-Mar-24 15:51:38.177 [Solver] INFO  coursett.Test> **BEST[231]** V:231/569, T:76.80, TP:99.47%, SOC:42
25-Mar-24 15:51:38.196 [Solver] INFO  coursett.Test> **BEST[232]** V:232/569, T:76.80, TP:99.47%, SOC:42
25-Mar-24 15:51:38.201 [Solver] INFO  coursett.Test> **BEST[233]** V:233/569, T:76.80, TP:99.47%, SOC:42
25-Mar-24 15:51:38.206 [Solver] INFO  coursett.Test> **BEST[234]** V:234/569, T:76.80, TP:99.47%, SOC:42
25-Mar-24 15:51:38.211 [Solver] INFO  coursett.Test> **BEST[235]** V:235/569, T:76.80, TP:99.47%, SOC:42
25-Mar-24 15:51:38.216 [Solver] INFO  coursett.Test> **BEST[236]** V:236/569, T:76.80, TP:99.47%, SOC:42
25-Mar-24 15:51:38.223 [Solver] INFO  coursett.Test> **BEST[237]** V:237/569, T:76.80, TP:99.47%, SOC:42
25-Mar-24 15:51:38.237 [Solver] INFO  coursett.Test> **BEST[238]** V:238/569, T:76.80, TP:99.47%, SOC:42
25-Mar-24 15:51:38.246 [Solver] INFO  coursett.Test> **BEST[239]** V:239/569, T:76.80, TP:99.47%, SOC:42
25-Mar-24 15:51:38.262 [Solver] INFO  coursett.Test> **BEST[240]** V:240/569, T:76.80, TP:99.47%, SOC:42
25-Mar-24 15:51:38.271 [Solver] INFO  coursett.Test> **BEST[241]** V:241/569, T:76.80, TP:99.47%, SOC:42
25-Mar-24 15:51:38.290 [Solver] INFO  coursett.Test> **BEST[242]** V:242/569, T:76.80, TP:99.47%, SOC:42
25-Mar-24 15:51:38.298 [Solver] INFO  coursett.Test> **BEST[243]** V:243/569, T:76.80, TP:99.47%, SOC:42
25-Mar-24 15:51:38.305 [Solver] INFO  coursett.Test> **BEST[244]** V:244/569, T:76.80, TP:99.47%, SOC:42
25-Mar-24 15:51:38.335 [Solver] INFO  coursett.Test> **BEST[245]** V:245/569, T:76.80, TP:99.47%, SOC:42
25-Mar-24 15:51:38.354 [Solver] INFO  coursett.Test> **BEST[246]** V:246/569, T:96.80, TP:99.3%, SOC:42
25-Mar-24 15:51:38.365 [Solver] INFO  coursett.Test> **BEST[247]** V:247/569, T:96.80, TP:99.3%, SOC:42
25-Mar-24 15:51:38.382 [Solver] INFO  coursett.Test> **BEST[248]** V:248/569, T:116.80, TP:99.12%, SOC:42
25-Mar-24 15:51:38.433 [Solver] INFO  coursett.Test> **BEST[250]** V:249/569, T:116.80, TP:99.12%, SOC:42
25-Mar-24 15:51:38.459 [Solver] INFO  coursett.Test> **BEST[251]** V:250/569, T:116.80, TP:99.12%, SOC:42
25-Mar-24 15:51:38.466 [Solver] INFO  coursett.Test> **BEST[252]** V:251/569, T:116.80, TP:99.12%, SOC:42
25-Mar-24 15:51:38.490 [Solver] INFO  coursett.Test> **BEST[253]** V:252/569, T:116.80, TP:99.12%, SOC:42
25-Mar-24 15:51:38.509 [Solver] INFO  coursett.Test> **BEST[254]** V:253/569, T:116.80, TP:99.12%, SOC:42
25-Mar-24 15:51:38.522 [Solver] INFO  coursett.Test> **BEST[255]** V:254/569, T:116.80, TP:99.12%, SOC:42
25-Mar-24 15:51:38.528 [Solver] INFO  coursett.Test> **BEST[256]** V:255/569, T:116.80, TP:99.12%, SOC:42
25-Mar-24 15:51:38.546 [Solver] INFO  coursett.Test> **BEST[257]** V:256/569, T:116.80, TP:99.12%, SOC:42
25-Mar-24 15:51:38.552 [Solver] INFO  coursett.Test> **BEST[258]** V:257/569, T:116.80, TP:99.12%, SOC:42
25-Mar-24 15:51:38.558 [Solver] INFO  coursett.Test> **BEST[259]** V:258/569, T:116.80, TP:99.12%, SOC:42
25-Mar-24 15:51:38.582 [Solver] INFO  coursett.Test> **BEST[260]** V:259/569, T:116.80, TP:99.12%, SOC:42
25-Mar-24 15:51:38.592 [Solver] INFO  coursett.Test> **BEST[261]** V:260/569, T:116.80, TP:99.12%, SOC:42
25-Mar-24 15:51:38.599 [Solver] INFO  coursett.Test> **BEST[262]** V:261/569, T:116.80, TP:99.12%, SOC:42
25-Mar-24 15:51:38.604 [Solver] INFO  coursett.Test> **BEST[263]** V:262/569, T:116.80, TP:99.12%, SOC:42
25-Mar-24 15:51:38.618 [Solver] INFO  coursett.Test> **BEST[264]** V:263/569, T:116.80, TP:99.12%, SOC:42
25-Mar-24 15:51:38.632 [Solver] INFO  coursett.Test> **BEST[265]** V:264/569, T:116.80, TP:99.12%, SOC:42
25-Mar-24 15:51:38.656 [Solver] INFO  coursett.Test> **BEST[266]** V:265/569, T:116.80, TP:99.12%, SOC:42
25-Mar-24 15:51:38.681 [Solver] INFO  coursett.Test> **BEST[267]** V:266/569, T:117.20, TP:99.12%, SOC:43
25-Mar-24 15:51:38.714 [Solver] INFO  coursett.Test> **BEST[268]** V:267/569, T:117.20, TP:99.12%, SOC:43
25-Mar-24 15:51:38.721 [Solver] INFO  coursett.Test> **BEST[269]** V:268/569, T:117.20, TP:99.12%, SOC:43
25-Mar-24 15:51:38.725 [Solver] INFO  coursett.Test> **BEST[270]** V:269/569, T:117.20, TP:99.12%, SOC:43
25-Mar-24 15:51:38.733 [Solver] INFO  coursett.Test> **BEST[271]** V:270/569, T:117.20, TP:99.12%, SOC:43
25-Mar-24 15:51:38.747 [Solver] INFO  coursett.Test> **BEST[272]** V:271/569, T:117.20, TP:99.12%, SOC:43
25-Mar-24 15:51:39.260 [Solver] INFO  coursett.Test> **BEST[273]** V:272/569, T:117.20, TP:99.12%, SOC:43
25-Mar-24 15:51:39.285 [Solver] INFO  coursett.Test> **BEST[274]** V:273/569, T:117.20, TP:99.12%, SOC:43
25-Mar-24 15:51:39.294 [Solver] INFO  coursett.Test> **BEST[275]** V:274/569, T:117.20, TP:99.12%, SOC:43
25-Mar-24 15:51:39.336 [Solver] INFO  coursett.Test> **BEST[276]** V:275/569, T:118.00, TP:99.12%, SDC:2, SOC:43
25-Mar-24 15:51:39.354 [Solver] INFO  coursett.Test> **BEST[277]** V:276/569, T:120.00, TP:99.12%, SDC:2, SOC:48
25-Mar-24 15:51:39.369 [Solver] INFO  coursett.Test> **BEST[278]** V:277/569, T:120.00, TP:99.12%, SDC:2, SOC:48
25-Mar-24 15:51:39.406 [Solver] INFO  coursett.Test> **BEST[280]** V:278/569, T:123.20, TP:99.12%, SDC:6, SOC:52
25-Mar-24 15:51:39.424 [Solver] INFO  coursett.Test> **BEST[282]** V:279/569, T:123.20, TP:99.12%, SDC:6, SOC:52
25-Mar-24 15:51:39.431 [Solver] INFO  coursett.Test> **BEST[283]** V:280/569, T:123.20, TP:99.12%, SDC:6, SOC:52
25-Mar-24 15:51:39.468 [Solver] INFO  coursett.Test> **BEST[284]** V:281/569, T:123.20, TP:99.12%, SDC:6, SOC:52
25-Mar-24 15:51:39.482 [Solver] INFO  coursett.Test> **BEST[285]** V:282/569, T:123.20, TP:99.12%, SDC:6, SOC:52
25-Mar-24 15:51:39.499 [Solver] INFO  coursett.Test> **BEST[286]** V:283/569, T:123.20, TP:99.12%, SDC:6, SOC:52
25-Mar-24 15:51:39.521 [Solver] INFO  coursett.Test> **BEST[287]** V:284/569, T:123.20, TP:99.12%, SDC:6, SOC:52
25-Mar-24 15:51:39.542 [Solver] INFO  coursett.Test> **BEST[288]** V:285/569, T:123.20, TP:99.12%, SDC:6, SOC:52
25-Mar-24 15:51:39.570 [Solver] INFO  coursett.Test> **BEST[289]** V:286/569, T:123.20, TP:99.12%, SDC:6, SOC:52
25-Mar-24 15:51:39.583 [Solver] INFO  coursett.Test> **BEST[290]** V:287/569, T:143.20, TP:98.95%, SDC:6, SOC:52
25-Mar-24 15:51:39.598 [Solver] INFO  coursett.Test> **BEST[291]** V:288/569, T:143.20, TP:98.95%, SDC:6, SOC:52
25-Mar-24 15:51:39.622 [Solver] INFO  coursett.Test> **BEST[292]** V:289/569, T:143.20, TP:98.95%, SDC:6, SOC:52
25-Mar-24 15:51:39.640 [Solver] INFO  coursett.Test> **BEST[293]** V:290/569, T:163.20, TP:98.77%, SDC:6, SOC:52
25-Mar-24 15:51:39.666 [Solver] INFO  coursett.Test> **BEST[295]** V:291/569, T:163.20, TP:98.77%, SDC:6, SOC:52
25-Mar-24 15:51:40.205 [Solver] INFO  coursett.Test> **BEST[296]** V:292/569, T:165.20, TP:98.77%, SDC:6, SOC:57
25-Mar-24 15:51:40.212 [Solver] INFO  coursett.Test> **BEST[297]** V:293/569, T:165.20, TP:98.77%, SDC:6, SOC:57
25-Mar-24 15:51:40.223 [Solver] INFO  coursett.Test> **BEST[298]** V:294/569, T:165.20, TP:98.77%, SDC:6, SOC:57
25-Mar-24 15:51:40.232 [Solver] INFO  coursett.Test> **BEST[299]** V:295/569, T:165.20, TP:98.77%, SDC:6, SOC:57
25-Mar-24 15:51:40.250 [Solver] INFO  coursett.Test> **BEST[300]** V:296/569, T:165.20, TP:98.77%, SDC:6, SOC:57
25-Mar-24 15:51:40.279 [Solver] INFO  coursett.Test> **BEST[301]** V:297/569, T:165.20, TP:98.77%, SDC:6, SOC:57
25-Mar-24 15:51:40.311 [Solver] INFO  coursett.Test> **BEST[302]** V:298/569, T:165.20, TP:98.77%, SDC:6, SOC:57
25-Mar-24 15:51:40.336 [Solver] INFO  coursett.Test> **BEST[304]** V:299/569, T:165.20, TP:98.77%, SDC:6, SOC:57
25-Mar-24 15:51:40.363 [Solver] INFO  coursett.Test> **BEST[305]** V:300/569, T:165.20, TP:98.77%, SDC:6, SOC:57
25-Mar-24 15:51:40.369 [Solver] INFO  coursett.Test> **BEST[306]** V:301/569, T:165.20, TP:98.77%, SDC:6, SOC:57
25-Mar-24 15:51:40.378 [Solver] INFO  coursett.Test> **BEST[307]** V:302/569, T:165.20, TP:98.77%, SDC:6, SOC:57
25-Mar-24 15:51:40.393 [Solver] INFO  coursett.Test> **BEST[308]** V:303/569, T:185.20, TP:98.59%, SDC:6, SOC:57
25-Mar-24 15:51:40.401 [Solver] INFO  coursett.Test> **BEST[309]** V:304/569, T:185.20, TP:98.59%, SDC:6, SOC:57
25-Mar-24 15:51:40.408 [Solver] INFO  coursett.Test> **BEST[310]** V:305/569, T:185.20, TP:98.59%, SDC:6, SOC:57
25-Mar-24 15:51:40.417 [Solver] INFO  coursett.Test> **BEST[311]** V:306/569, T:185.20, TP:98.59%, SDC:6, SOC:57
25-Mar-24 15:51:40.439 [Solver] INFO  coursett.Test> **BEST[312]** V:307/569, T:186.40, TP:98.59%, SDC:6, SOC:60
25-Mar-24 15:51:40.447 [Solver] INFO  coursett.Test> **BEST[313]** V:308/569, T:186.40, TP:98.59%, SDC:6, SOC:60
25-Mar-24 15:51:40.457 [Solver] INFO  coursett.Test> **BEST[314]** V:309/569, T:186.40, TP:98.59%, SDC:6, SOC:60
25-Mar-24 15:51:40.470 [Solver] INFO  coursett.Test> **BEST[316]** V:310/569, T:186.40, TP:98.59%, SDC:6, SOC:60
25-Mar-24 15:51:40.474 [Solver] INFO  coursett.Test> **BEST[317]** V:311/569, T:186.40, TP:98.59%, SDC:6, SOC:60
25-Mar-24 15:51:40.483 [Solver] INFO  coursett.Test> **BEST[318]** V:312/569, T:186.40, TP:98.59%, SDC:6, SOC:60
25-Mar-24 15:51:40.497 [Solver] INFO  coursett.Test> **BEST[319]** V:313/569, T:186.40, TP:98.59%, SDC:6, SOC:60
25-Mar-24 15:51:40.528 [Solver] INFO  coursett.Test> **BEST[320]** V:314/569, T:188.00, TP:98.59%, SDC:6, SOC:64
25-Mar-24 15:51:40.548 [Solver] INFO  coursett.Test> **BEST[321]** V:315/569, T:190.80, TP:98.59%, SDC:6, SOC:71
25-Mar-24 15:51:40.566 [Solver] INFO  coursett.Test> **BEST[322]** V:316/569, T:190.80, TP:98.59%, SDC:6, SOC:71
25-Mar-24 15:51:40.576 [Solver] INFO  coursett.Test> **BEST[323]** V:317/569, T:190.80, TP:98.59%, SDC:6, SOC:71
25-Mar-24 15:51:40.603 [Solver] INFO  coursett.Test> **BEST[324]** V:318/569, T:190.80, TP:98.59%, SDC:6, SOC:71
25-Mar-24 15:51:40.632 [Solver] INFO  coursett.Test> **BEST[325]** V:319/569, T:200.80, TP:98.59%, SHC:3, SDC:10, SOC:80
25-Mar-24 15:51:40.645 [Solver] INFO  coursett.Test> **BEST[326]** V:320/569, T:200.80, TP:98.59%, SHC:3, SDC:10, SOC:80
25-Mar-24 15:51:40.663 [Solver] INFO  coursett.Test> **BEST[327]** V:321/569, T:220.80, TP:98.42%, SHC:3, SDC:10, SOC:80
25-Mar-24 15:51:40.674 [Solver] INFO  coursett.Test> **BEST[328]** V:322/569, T:220.80, TP:98.42%, SHC:3, SDC:10, SOC:80
25-Mar-24 15:51:40.691 [Solver] INFO  coursett.Test> **BEST[330]** V:323/569, T:220.80, TP:98.42%, SHC:3, SDC:10, SOC:80
25-Mar-24 15:51:40.704 [Solver] INFO  coursett.Test> **BEST[331]** V:324/569, T:220.80, TP:98.42%, SHC:3, SDC:10, SOC:80
25-Mar-24 15:51:40.715 [Solver] INFO  coursett.Test> **BEST[332]** V:325/569, T:220.80, TP:98.42%, SHC:3, SDC:10, SOC:80
25-Mar-24 15:51:40.726 [Solver] INFO  coursett.Test> **BEST[333]** V:326/569, T:220.80, TP:98.42%, SHC:3, SDC:10, SOC:80
25-Mar-24 15:51:40.739 [Solver] INFO  coursett.Test> **BEST[334]** V:327/569, T:222.00, TP:98.42%, SHC:3, SDC:10, SOC:83
25-Mar-24 15:51:40.751 [Solver] INFO  coursett.Test> **BEST[335]** V:328/569, T:222.00, TP:98.42%, SHC:3, SDC:10, SOC:83
25-Mar-24 15:51:40.758 [Solver] INFO  coursett.Test> **BEST[336]** V:329/569, T:222.00, TP:98.42%, SHC:3, SDC:10, SOC:83
25-Mar-24 15:51:40.780 [Solver] INFO  coursett.Test> **BEST[337]** V:330/569, T:222.00, TP:98.42%, SHC:3, SDC:10, SOC:83
25-Mar-24 15:51:40.784 [Solver] INFO  coursett.Test> **BEST[338]** V:331/569, T:222.00, TP:98.42%, SHC:3, SDC:10, SOC:83
25-Mar-24 15:51:40.789 [Solver] INFO  coursett.Test> **BEST[339]** V:332/569, T:222.00, TP:98.42%, SHC:3, SDC:10, SOC:83
25-Mar-24 15:51:40.799 [Solver] INFO  coursett.Test> **BEST[340]** V:333/569, T:222.00, TP:98.42%, SHC:3, SDC:10, SOC:83
25-Mar-24 15:51:40.813 [Solver] INFO  coursett.Test> **BEST[341]** V:334/569, T:222.00, TP:98.42%, SHC:3, SDC:10, SOC:83
25-Mar-24 15:51:40.822 [Solver] INFO  coursett.Test> **BEST[342]** V:335/569, T:222.00, TP:98.42%, SHC:3, SDC:10, SOC:83
25-Mar-24 15:51:40.846 [Solver] INFO  coursett.Test> **BEST[343]** V:336/569, T:222.00, TP:98.42%, SHC:3, SDC:10, SOC:83
25-Mar-24 15:51:40.869 [Solver] INFO  coursett.Test> **BEST[344]** V:337/569, T:222.80, TP:98.42%, SHC:3, SDC:10, SOC:85
25-Mar-24 15:51:40.886 [Solver] INFO  coursett.Test> **BEST[345]** V:338/569, T:222.80, TP:98.42%, SHC:3, SDC:10, SOC:85
25-Mar-24 15:51:40.898 [Solver] INFO  coursett.Test> **BEST[346]** V:339/569, T:222.80, TP:98.42%, SHC:3, SDC:10, SOC:85
25-Mar-24 15:51:40.905 [Solver] INFO  coursett.Test> **BEST[347]** V:340/569, T:222.80, TP:98.42%, SHC:3, SDC:10, SOC:85
25-Mar-24 15:51:40.928 [Solver] INFO  coursett.Test> **BEST[348]** V:341/569, T:222.80, TP:98.42%, SHC:3, SDC:10, SOC:85
25-Mar-24 15:51:40.949 [Solver] INFO  coursett.Test> **BEST[349]** V:342/569, T:234.80, TP:98.42%, SHC:3, SDC:10, SOC:115
25-Mar-24 15:51:40.973 [Solver] INFO  coursett.Test> **BEST[351]** V:343/569, T:234.80, TP:98.42%, SHC:3, SDC:10, SOC:115
25-Mar-24 15:51:40.982 [Solver] INFO  coursett.Test> **BEST[352]** V:344/569, T:234.80, TP:98.42%, SHC:3, SDC:10, SOC:115
25-Mar-24 15:51:40.995 [Solver] INFO  coursett.Test> **BEST[353]** V:345/569, T:234.80, TP:98.42%, SHC:3, SDC:10, SOC:115
25-Mar-24 15:51:41.002 [Solver] INFO  coursett.Test> **BEST[354]** V:346/569, T:234.80, TP:98.42%, SHC:3, SDC:10, SOC:115
25-Mar-24 15:51:41.013 [Solver] INFO  coursett.Test> **BEST[355]** V:347/569, T:234.80, TP:98.42%, SHC:3, SDC:10, SOC:115
25-Mar-24 15:51:41.017 [Solver] INFO  coursett.Test> **BEST[356]** V:348/569, T:234.80, TP:98.42%, SHC:3, SDC:10, SOC:115
25-Mar-24 15:51:41.025 [Solver] INFO  coursett.Test> **BEST[357]** V:349/569, T:234.80, TP:98.42%, SHC:3, SDC:10, SOC:115
25-Mar-24 15:51:41.048 [Solver] INFO  coursett.Test> **BEST[359]** V:350/569, T:234.80, TP:98.42%, SHC:3, SDC:10, SOC:115
25-Mar-24 15:51:41.071 [Solver] INFO  coursett.Test> **BEST[360]** V:351/569, T:234.80, TP:98.42%, SHC:3, SDC:10, SOC:115
25-Mar-24 15:51:41.091 [Solver] INFO  coursett.Test> **BEST[362]** V:352/569, T:234.80, TP:98.42%, SHC:3, SDC:10, SOC:115
25-Mar-24 15:51:41.110 [Solver] INFO  coursett.Test> **BEST[363]** V:353/569, T:235.20, TP:98.42%, SHC:3, SDC:10, SOC:116
25-Mar-24 15:51:41.132 [Solver] INFO  coursett.Test> **BEST[364]** V:354/569, T:255.20, TP:98.24%, SHC:3, SDC:10, SOC:116
25-Mar-24 15:51:41.138 [Solver] INFO  coursett.Test> **BEST[365]** V:355/569, T:255.20, TP:98.24%, SHC:3, SDC:10, SOC:116
25-Mar-24 15:51:41.155 [Solver] INFO  coursett.Test> **BEST[366]** V:356/569, T:255.20, TP:98.24%, SHC:3, SDC:10, SOC:116
25-Mar-24 15:51:41.162 [Solver] INFO  coursett.Test> **BEST[367]** V:357/569, T:255.20, TP:98.24%, SHC:3, SDC:10, SOC:116
25-Mar-24 15:51:41.169 [Solver] INFO  coursett.Test> **BEST[368]** V:358/569, T:255.20, TP:98.24%, SHC:3, SDC:10, SOC:116
25-Mar-24 15:51:41.181 [Solver] INFO  coursett.Test> **BEST[369]** V:359/569, T:255.20, TP:98.24%, SHC:3, SDC:10, SOC:116
25-Mar-24 15:51:41.201 [Solver] INFO  coursett.Test> **BEST[371]** V:360/569, T:255.20, TP:98.24%, SHC:3, SDC:10, SOC:116
25-Mar-24 15:51:41.215 [Solver] INFO  coursett.Test> **BEST[372]** V:361/569, T:255.20, TP:98.24%, SHC:3, SDC:10, SOC:116
25-Mar-24 15:51:41.221 [Solver] INFO  coursett.Test> **BEST[373]** V:362/569, T:255.20, TP:98.24%, SHC:3, SDC:10, SOC:116
25-Mar-24 15:51:41.235 [Solver] INFO  coursett.Test> **BEST[374]** V:363/569, T:255.20, TP:98.24%, SHC:3, SDC:10, SOC:116
25-Mar-24 15:51:41.242 [Solver] INFO  coursett.Test> **BEST[375]** V:364/569, T:255.20, TP:98.24%, SHC:3, SDC:10, SOC:116
25-Mar-24 15:51:41.264 [Solver] INFO  coursett.Test> **BEST[376]** V:365/569, T:258.00, TP:98.24%, SHC:3, SDC:17, SOC:116
25-Mar-24 15:51:41.314 [Solver] INFO  coursett.Test> **BEST[377]** V:366/569, T:268.80, TP:98.24%, SHC:3, SDC:24, SOC:136
25-Mar-24 15:51:41.338 [Solver] INFO  coursett.Test> **BEST[378]** V:367/569, T:268.80, TP:98.24%, SHC:3, SDC:24, SOC:136
25-Mar-24 15:51:41.891 [Solver] INFO  coursett.Test> **BEST[379]** V:368/569, T:272.40, TP:98.24%, SHC:4, SDC:24, SOC:141
25-Mar-24 15:51:41.899 [Solver] INFO  coursett.Test> **BEST[380]** V:369/569, T:272.40, TP:98.24%, SHC:4, SDC:24, SOC:141
25-Mar-24 15:51:41.918 [Solver] INFO  coursett.Test> **BEST[381]** V:370/569, T:272.40, TP:98.24%, SHC:4, SDC:24, SOC:141
25-Mar-24 15:51:41.930 [Solver] INFO  coursett.Test> **BEST[382]** V:371/569, T:272.40, TP:98.24%, SHC:4, SDC:24, SOC:141
25-Mar-24 15:51:41.946 [Solver] INFO  coursett.Test> **BEST[383]** V:372/569, T:272.40, TP:98.24%, SHC:4, SDC:24, SOC:141
25-Mar-24 15:51:41.965 [Solver] INFO  coursett.Test> **BEST[384]** V:373/569, T:272.40, TP:98.24%, SHC:4, SDC:24, SOC:141
25-Mar-24 15:51:41.970 [Solver] INFO  coursett.Test> **BEST[385]** V:374/569, T:292.40, TP:98.07%, SHC:4, SDC:24, SOC:141
25-Mar-24 15:51:41.977 [Solver] INFO  coursett.Test> **BEST[386]** V:375/569, T:292.40, TP:98.07%, SHC:4, SDC:24, SOC:141
25-Mar-24 15:51:41.994 [Solver] INFO  coursett.Test> **BEST[387]** V:376/569, T:292.40, TP:98.07%, SHC:4, SDC:24, SOC:141
25-Mar-24 15:51:42.001 [Solver] INFO  coursett.Test> **BEST[388]** V:377/569, T:292.40, TP:98.07%, SHC:4, SDC:24, SOC:141
25-Mar-24 15:51:42.024 [Solver] INFO  coursett.Test> **BEST[391]** V:378/569, T:292.40, TP:98.07%, SHC:4, SDC:24, SOC:141
25-Mar-24 15:51:42.032 [Solver] INFO  coursett.Test> **BEST[392]** V:379/569, T:292.40, TP:98.07%, SHC:4, SDC:24, SOC:141
25-Mar-24 15:51:42.040 [Solver] INFO  coursett.Test> **BEST[393]** V:380/569, T:292.40, TP:98.07%, SHC:4, SDC:24, SOC:141
25-Mar-24 15:51:42.067 [Solver] INFO  coursett.Test> **BEST[394]** V:381/569, T:292.40, TP:98.07%, SHC:4, SDC:24, SOC:141
25-Mar-24 15:51:42.092 [Solver] INFO  coursett.Test> **BEST[395]** V:382/569, T:292.40, TP:98.07%, SHC:4, SDC:24, SOC:141
25-Mar-24 15:51:42.103 [Solver] INFO  coursett.Test> **BEST[396]** V:383/569, T:292.40, TP:98.07%, SHC:4, SDC:24, SOC:141
25-Mar-24 15:51:42.131 [Solver] INFO  coursett.Test> **BEST[397]** V:384/569, T:292.40, TP:98.07%, SHC:4, SDC:24, SOC:141
25-Mar-24 15:51:42.154 [Solver] INFO  coursett.Test> **BEST[398]** V:385/569, T:295.60, TP:98.07%, SHC:4, SDC:24, SOC:149
25-Mar-24 15:51:42.170 [Solver] INFO  coursett.Test> **BEST[399]** V:386/569, T:295.60, TP:98.07%, SHC:4, SDC:24, SOC:149
25-Mar-24 15:51:42.188 [Solver] INFO  coursett.Test> **BEST[400]** V:387/569, T:295.60, TP:98.07%, SHC:4, SDC:24, SOC:149
25-Mar-24 15:51:42.194 [Solver] INFO  coursett.Test> **BEST[401]** V:388/569, T:295.60, TP:98.07%, SHC:4, SDC:24, SOC:149
25-Mar-24 15:51:42.206 [Solver] INFO  coursett.Test> **BEST[402]** V:389/569, T:295.60, TP:98.07%, SHC:4, SDC:24, SOC:149
25-Mar-24 15:51:42.218 [Solver] INFO  coursett.Test> **BEST[403]** V:390/569, T:295.60, TP:98.07%, SHC:4, SDC:24, SOC:149
25-Mar-24 15:51:42.237 [Solver] INFO  coursett.Test> **BEST[404]** V:391/569, T:298.00, TP:98.07%, SHC:4, SDC:24, SOC:155
25-Mar-24 15:51:42.245 [Solver] INFO  coursett.Test> **BEST[405]** V:392/569, T:298.00, TP:98.07%, SHC:4, SDC:24, SOC:155
25-Mar-24 15:51:42.269 [Solver] INFO  coursett.Test> **BEST[407]** V:393/569, T:298.00, TP:98.07%, SHC:4, SDC:24, SOC:155
25-Mar-24 15:51:42.282 [Solver] INFO  coursett.Test> **BEST[409]** V:394/569, T:298.00, TP:98.07%, SHC:4, SDC:24, SOC:155
25-Mar-24 15:51:42.294 [Solver] INFO  coursett.Test> **BEST[410]** V:395/569, T:299.60, TP:98.07%, SHC:4, SDC:24, SOC:159
25-Mar-24 15:51:42.312 [Solver] INFO  coursett.Test> **BEST[411]** V:396/569, T:299.60, TP:98.07%, SHC:4, SDC:24, SOC:159
25-Mar-24 15:51:42.331 [Solver] INFO  coursett.Test> **BEST[412]** V:397/569, T:319.60, TP:97.89%, SHC:4, SDC:24, SOC:159
25-Mar-24 15:51:42.353 [Solver] INFO  coursett.Test> **BEST[413]** V:398/569, T:320.00, TP:97.89%, SHC:4, SDC:25, SOC:159
25-Mar-24 15:51:42.373 [Solver] INFO  coursett.Test> **BEST[414]** V:399/569, T:320.00, TP:97.89%, SHC:4, SDC:25, SOC:159
25-Mar-24 15:51:42.404 [Solver] INFO  coursett.Test> **BEST[415]** V:400/569, T:320.00, TP:97.89%, SHC:4, SDC:25, SOC:159
25-Mar-24 15:51:42.416 [Solver] INFO  coursett.Test> **BEST[416]** V:401/569, T:320.00, TP:97.89%, SHC:4, SDC:25, SOC:159
25-Mar-24 15:51:42.429 [Solver] INFO  coursett.Test> **BEST[417]** V:402/569, T:320.00, TP:97.89%, SHC:4, SDC:25, SOC:159
25-Mar-24 15:51:42.459 [Solver] INFO  coursett.Test> **BEST[418]** V:403/569, T:340.00, TP:97.72%, SHC:4, SDC:25, SOC:159
25-Mar-24 15:51:42.492 [Solver] INFO  coursett.Test> **BEST[419]** V:404/569, T:340.00, TP:97.72%, SHC:4, SDC:25, SOC:159
25-Mar-24 15:51:42.506 [Solver] INFO  coursett.Test> **BEST[420]** V:405/569, T:340.00, TP:97.72%, SHC:4, SDC:25, SOC:159
25-Mar-24 15:51:42.525 [Solver] INFO  coursett.Test> **BEST[421]** V:406/569, T:340.00, TP:97.72%, SHC:4, SDC:25, SOC:159
25-Mar-24 15:51:42.549 [Solver] INFO  coursett.Test> **BEST[422]** V:407/569, T:340.00, TP:97.72%, SHC:4, SDC:25, SOC:159
25-Mar-24 15:51:42.580 [Solver] INFO  coursett.Test> **BEST[423]** V:408/569, T:340.00, TP:97.72%, SHC:4, SDC:25, SOC:159
25-Mar-24 15:51:42.596 [Solver] INFO  coursett.Test> **BEST[424]** V:409/569, T:340.00, TP:97.72%, SHC:4, SDC:25, SOC:159
25-Mar-24 15:51:42.641 [Solver] INFO  coursett.Test> **BEST[426]** V:410/569, T:340.00, TP:97.72%, SHC:4, SDC:25, SOC:159
25-Mar-24 15:51:42.690 [Solver] INFO  coursett.Test> **BEST[427]** V:411/569, T:345.20, TP:97.72%, SHC:4, SDC:28, SOC:169
25-Mar-24 15:51:42.722 [Solver] INFO  coursett.Test> **BEST[429]** V:412/569, T:345.20, TP:97.72%, SHC:4, SDC:28, SOC:169
25-Mar-24 15:51:43.225 [Solver] INFO  coursett.Test> **BEST[430]** V:413/569, T:345.60, TP:97.72%, SHC:4, SDC:26, SOC:172
25-Mar-24 15:51:43.231 [Solver] INFO  coursett.Test> **BEST[431]** V:414/569, T:345.60, TP:97.72%, SHC:4, SDC:26, SOC:172
25-Mar-24 15:51:43.247 [Solver] INFO  coursett.Test> **BEST[432]** V:415/569, T:345.60, TP:97.72%, SHC:4, SDC:26, SOC:172
25-Mar-24 15:51:43.258 [Solver] INFO  coursett.Test> **BEST[433]** V:416/569, T:345.60, TP:97.72%, SHC:4, SDC:26, SOC:172
25-Mar-24 15:51:43.277 [Solver] INFO  coursett.Test> **BEST[434]** V:417/569, T:345.60, TP:97.72%, SHC:4, SDC:26, SOC:172
25-Mar-24 15:51:43.292 [Solver] INFO  coursett.Test> **BEST[435]** V:418/569, T:345.60, TP:97.72%, SHC:4, SDC:26, SOC:172
25-Mar-24 15:51:43.320 [Solver] INFO  coursett.Test> **BEST[436]** V:419/569, T:345.60, TP:97.72%, SHC:4, SDC:26, SOC:172
25-Mar-24 15:51:43.348 [Solver] INFO  coursett.Test> **BEST[438]** V:420/569, T:345.60, TP:97.72%, SHC:4, SDC:26, SOC:172
25-Mar-24 15:51:43.355 [Solver] INFO  coursett.Test> **BEST[439]** V:421/569, T:345.60, TP:97.72%, SHC:4, SDC:26, SOC:172
25-Mar-24 15:51:43.373 [Solver] INFO  coursett.Test> **BEST[441]** V:422/569, T:345.60, TP:97.72%, SHC:4, SDC:26, SOC:172
25-Mar-24 15:51:43.395 [Solver] INFO  coursett.Test> **BEST[442]** V:423/569, T:365.60, TP:97.54%, SHC:4, SDC:26, SOC:172
25-Mar-24 15:51:43.405 [Solver] INFO  coursett.Test> **BEST[443]** V:424/569, T:365.60, TP:97.54%, SHC:4, SDC:26, SOC:172
25-Mar-24 15:51:43.422 [Solver] INFO  coursett.Test> **BEST[444]** V:425/569, T:365.60, TP:97.54%, SHC:4, SDC:26, SOC:172
25-Mar-24 15:51:43.436 [Solver] INFO  coursett.Test> **BEST[445]** V:426/569, T:365.60, TP:97.54%, SHC:4, SDC:26, SOC:172
25-Mar-24 15:51:43.446 [Solver] INFO  coursett.Test> **BEST[446]** V:427/569, T:365.60, TP:97.54%, SHC:4, SDC:26, SOC:172
25-Mar-24 15:51:43.489 [Solver] INFO  coursett.Test> **BEST[449]** V:428/569, T:365.60, TP:97.54%, SHC:4, SDC:26, SOC:172
25-Mar-24 15:51:43.506 [Solver] INFO  coursett.Test> **BEST[451]** V:429/569, T:365.60, TP:97.54%, SHC:4, SDC:26, SOC:172
25-Mar-24 15:51:43.538 [Solver] INFO  coursett.Test> **BEST[455]** V:430/569, T:365.60, TP:97.54%, SHC:4, SDC:26, SOC:172
25-Mar-24 15:51:43.556 [Solver] INFO  coursett.Test> **BEST[457]** V:431/569, T:365.60, TP:97.54%, SHC:4, SDC:26, SOC:172
25-Mar-24 15:51:43.564 [Solver] INFO  coursett.Test> **BEST[458]** V:432/569, T:365.60, TP:97.54%, SHC:4, SDC:26, SOC:172
25-Mar-24 15:51:43.577 [Solver] INFO  coursett.Test> **BEST[459]** V:433/569, T:386.00, TP:97.54%, SHC:7, SDC:49, SOC:188
25-Mar-24 15:51:43.585 [Solver] INFO  coursett.Test> **BEST[460]** V:434/569, T:386.00, TP:97.54%, SHC:7, SDC:49, SOC:188
25-Mar-24 15:51:43.595 [Solver] INFO  coursett.Test> **BEST[461]** V:435/569, T:386.00, TP:97.54%, SHC:7, SDC:49, SOC:188
25-Mar-24 15:51:43.619 [Solver] INFO  coursett.Test> **BEST[462]** V:436/569, T:386.00, TP:97.54%, SHC:7, SDC:49, SOC:188
25-Mar-24 15:51:43.631 [Solver] INFO  coursett.Test> **BEST[463]** V:437/569, T:386.00, TP:97.54%, SHC:7, SDC:49, SOC:188
25-Mar-24 15:51:43.655 [Solver] INFO  coursett.Test> **BEST[464]** V:438/569, T:407.20, TP:97.36%, SHC:7, SDC:49, SOC:191
25-Mar-24 15:51:43.668 [Solver] INFO  coursett.Test> **BEST[465]** V:439/569, T:407.20, TP:97.36%, SHC:7, SDC:49, SOC:191
25-Mar-24 15:51:43.675 [Solver] INFO  coursett.Test> **BEST[466]** V:440/569, T:407.20, TP:97.36%, SHC:7, SDC:49, SOC:191
25-Mar-24 15:51:43.698 [Solver] INFO  coursett.Test> **BEST[468]** V:441/569, T:407.20, TP:97.36%, SHC:7, SDC:49, SOC:191
25-Mar-24 15:51:43.709 [Solver] INFO  coursett.Test> **BEST[470]** V:442/569, T:407.20, TP:97.36%, SHC:7, SDC:49, SOC:191
25-Mar-24 15:51:43.724 [Solver] INFO  coursett.Test> **BEST[472]** V:443/569, T:407.20, TP:97.36%, SHC:7, SDC:49, SOC:191
25-Mar-24 15:51:43.736 [Solver] INFO  coursett.Test> **BEST[473]** V:444/569, T:407.20, TP:97.36%, SHC:7, SDC:49, SOC:191
25-Mar-24 15:51:43.750 [Solver] INFO  coursett.Test> **BEST[474]** V:445/569, T:407.20, TP:97.36%, SHC:7, SDC:49, SOC:191
25-Mar-24 15:51:44.267 [Solver] INFO  coursett.Test> **BEST[475]** V:446/569, T:403.60, TP:97.36%, SHC:6, SDC:49, SOC:186
25-Mar-24 15:51:44.292 [Solver] INFO  coursett.Test> **BEST[477]** V:447/569, T:403.60, TP:97.36%, SHC:6, SDC:49, SOC:186
25-Mar-24 15:51:44.306 [Solver] INFO  coursett.Test> **BEST[478]** V:448/569, T:403.60, TP:97.36%, SHC:6, SDC:49, SOC:186
25-Mar-24 15:51:44.337 [Solver] INFO  coursett.Test> **BEST[479]** V:449/569, T:412.80, TP:97.36%, SHC:7, SDC:59, SOC:195
25-Mar-24 15:51:44.346 [Solver] INFO  coursett.Test> **BEST[480]** V:450/569, T:412.80, TP:97.36%, SHC:7, SDC:59, SOC:195
25-Mar-24 15:51:44.358 [Solver] INFO  coursett.Test> **BEST[481]** V:451/569, T:412.80, TP:97.36%, SHC:7, SDC:59, SOC:195
25-Mar-24 15:51:44.370 [Solver] INFO  coursett.Test> **BEST[482]** V:452/569, T:412.80, TP:97.36%, SHC:7, SDC:59, SOC:195
25-Mar-24 15:51:44.410 [Solver] INFO  coursett.Test> **BEST[484]** V:453/569, T:432.80, TP:97.19%, SHC:7, SDC:59, SOC:195
25-Mar-24 15:51:44.440 [Solver] INFO  coursett.Test> **BEST[485]** V:454/569, T:432.80, TP:97.19%, SHC:7, SDC:59, SOC:195
25-Mar-24 15:51:44.463 [Solver] INFO  coursett.Test> **BEST[486]** V:455/569, T:452.80, TP:97.01%, SHC:7, SDC:59, SOC:195
25-Mar-24 15:51:44.486 [Solver] INFO  coursett.Test> **BEST[487]** V:456/569, T:452.80, TP:97.01%, SHC:7, SDC:59, SOC:195
25-Mar-24 15:51:44.519 [Solver] INFO  coursett.Test> **BEST[489]** V:457/569, T:452.80, TP:97.01%, SHC:7, SDC:59, SOC:195
25-Mar-24 15:51:45.051 [Solver] INFO  coursett.Test> **BEST[490]** V:458/569, T:456.00, TP:97.01%, SHC:7, SDC:59, SOC:203
25-Mar-24 15:51:45.096 [Solver] INFO  coursett.Test> **BEST[491]** V:459/569, T:457.20, TP:97.01%, SHC:7, SDC:59, SOC:206
25-Mar-24 15:51:45.166 [Solver] INFO  coursett.Test> **BEST[494]** V:460/569, T:457.20, TP:97.01%, SHC:7, SDC:59, SOC:206
25-Mar-24 15:51:45.176 [Solver] INFO  coursett.Test> **BEST[495]** V:461/569, T:457.20, TP:97.01%, SHC:7, SDC:59, SOC:206
25-Mar-24 15:51:45.206 [Solver] INFO  coursett.Test> **BEST[496]** V:462/569, T:457.20, TP:97.01%, SHC:7, SDC:59, SOC:206
25-Mar-24 15:51:45.223 [Solver] INFO  coursett.Test> **BEST[497]** V:463/569, T:457.20, TP:97.01%, SHC:7, SDC:59, SOC:206
25-Mar-24 15:51:45.241 [Solver] INFO  coursett.Test> **BEST[499]** V:464/569, T:457.20, TP:97.01%, SHC:7, SDC:59, SOC:206
25-Mar-24 15:51:45.289 [Solver] INFO  coursett.Test> **BEST[502]** V:465/569, T:477.60, TP:96.84%, SHC:7, SDC:59, SOC:207
25-Mar-24 15:51:45.796 [Solver] INFO  coursett.Test> **BEST[503]** V:466/569, T:477.60, TP:96.84%, SHC:7, SDC:59, SOC:207
25-Mar-24 15:51:45.851 [Solver] INFO  coursett.Test> **BEST[505]** V:467/569, T:477.60, TP:96.84%, SHC:7, SDC:59, SOC:207
25-Mar-24 15:51:45.880 [Solver] INFO  coursett.Test> **BEST[507]** V:468/569, T:477.60, TP:96.84%, SHC:7, SDC:59, SOC:207
25-Mar-24 15:51:45.919 [Solver] INFO  coursett.Test> **BEST[508]** V:469/569, T:477.60, TP:96.84%, SHC:7, SDC:59, SOC:207
25-Mar-24 15:51:45.937 [Solver] INFO  coursett.Test> **BEST[509]** V:470/569, T:477.60, TP:96.84%, SHC:7, SDC:59, SOC:207
25-Mar-24 15:51:45.982 [Solver] INFO  coursett.Test> **BEST[510]** V:471/569, T:481.60, TP:96.84%, SHC:7, SDC:59, SOC:217
25-Mar-24 15:51:46.018 [Solver] INFO  coursett.Test> **BEST[511]** V:472/569, T:481.60, TP:96.84%, SHC:7, SDC:59, SOC:217
25-Mar-24 15:51:46.040 [Solver] INFO  coursett.Test> **BEST[513]** V:473/569, T:481.60, TP:96.84%, SHC:7, SDC:59, SOC:217
25-Mar-24 15:51:46.065 [Solver] INFO  coursett.Test> **BEST[514]** V:474/569, T:481.60, TP:96.84%, SHC:7, SDC:59, SOC:217
25-Mar-24 15:51:46.089 [Solver] INFO  coursett.Test> **BEST[515]** V:475/569, T:481.60, TP:96.84%, SHC:7, SDC:59, SOC:217
25-Mar-24 15:51:46.125 [Solver] INFO  coursett.Test> **BEST[516]** V:476/569, T:481.60, TP:96.84%, SHC:7, SDC:59, SOC:217
25-Mar-24 15:51:46.193 [Solver] INFO  coursett.Test> **BEST[518]** V:477/569, T:481.60, TP:96.84%, SHC:7, SDC:59, SOC:217
25-Mar-24 15:51:46.232 [Solver] INFO  coursett.Test> **BEST[519]** V:478/569, T:481.60, TP:96.84%, SHC:7, SDC:59, SOC:217
25-Mar-24 15:51:46.285 [Solver] INFO  coursett.Test> **BEST[520]** V:479/569, T:481.60, TP:96.84%, SHC:7, SDC:59, SOC:217
25-Mar-24 15:51:46.319 [Solver] INFO  coursett.Test> **BEST[521]** V:480/569, T:481.60, TP:96.84%, SHC:7, SDC:59, SOC:217
25-Mar-24 15:51:46.866 [Solver] INFO  coursett.Test> **BEST[522]** V:481/569, T:486.00, TP:96.84%, SHC:8, SDC:64, SOC:219
25-Mar-24 15:51:46.876 [Solver] INFO  coursett.Test> **BEST[523]** V:482/569, T:486.40, TP:96.84%, SHC:8, SDC:64, SOC:220
25-Mar-24 15:51:46.900 [Solver] INFO  coursett.Test> **BEST[524]** V:483/569, T:486.80, TP:96.84%, SHC:8, SDC:64, SOC:221
25-Mar-24 15:51:46.922 [Solver] INFO  coursett.Test> **BEST[525]** V:484/569, T:486.80, TP:96.84%, SHC:8, SDC:64, SOC:221
25-Mar-24 15:51:46.934 [Solver] INFO  coursett.Test> **BEST[526]** V:485/569, T:486.80, TP:96.84%, SHC:8, SDC:64, SOC:221
25-Mar-24 15:51:46.942 [Solver] INFO  coursett.Test> **BEST[527]** V:486/569, T:486.80, TP:96.84%, SHC:8, SDC:64, SOC:221
25-Mar-24 15:51:46.953 [Solver] INFO  coursett.Test> **BEST[528]** V:487/569, T:486.80, TP:96.84%, SHC:8, SDC:64, SOC:221
25-Mar-24 15:51:47.004 [Solver] INFO  coursett.Test> **BEST[533]** V:488/569, T:486.80, TP:96.84%, SHC:8, SDC:64, SOC:221
25-Mar-24 15:51:47.039 [Solver] INFO  coursett.Test> **BEST[534]** V:489/569, T:486.80, TP:96.84%, SHC:8, SDC:64, SOC:221
25-Mar-24 15:51:47.075 [Solver] INFO  coursett.Test> **BEST[537]** V:490/569, T:486.80, TP:96.84%, SHC:8, SDC:64, SOC:221
25-Mar-24 15:51:47.089 [Solver] INFO  coursett.Test> **BEST[538]** V:490/569, T:485.20, TP:96.84%, SHC:8, SDC:64, SOC:217
25-Mar-24 15:51:47.109 [Solver] INFO  coursett.Test> **BEST[539]** V:491/569, T:485.20, TP:96.84%, SHC:8, SDC:64, SOC:217
25-Mar-24 15:51:47.126 [Solver] INFO  coursett.Test> **BEST[540]** V:492/569, T:485.20, TP:96.84%, SHC:8, SDC:64, SOC:217
25-Mar-24 15:51:47.145 [Solver] INFO  coursett.Test> **BEST[542]** V:493/569, T:485.20, TP:96.84%, SHC:8, SDC:64, SOC:217
25-Mar-24 15:51:47.156 [Solver] INFO  coursett.Test> **BEST[543]** V:494/569, T:485.20, TP:96.84%, SHC:8, SDC:64, SOC:217
25-Mar-24 15:51:47.182 [Solver] INFO  coursett.Test> **BEST[545]** V:495/569, T:485.20, TP:96.84%, SHC:8, SDC:64, SOC:217
25-Mar-24 15:51:47.221 [Solver] INFO  coursett.Test> **BEST[548]** V:496/569, T:485.20, TP:96.84%, SHC:8, SDC:64, SOC:217
25-Mar-24 15:51:47.263 [Solver] INFO  coursett.Test> **BEST[551]** V:497/569, T:485.20, TP:96.84%, SHC:8, SDC:64, SOC:217
25-Mar-24 15:51:47.303 [Solver] INFO  coursett.Test> **BEST[553]** V:498/569, T:485.20, TP:96.84%, SHC:8, SDC:64, SOC:217
25-Mar-24 15:51:47.325 [Solver] INFO  coursett.Test> **BEST[554]** V:499/569, T:485.20, TP:96.84%, SHC:8, SDC:64, SOC:217
25-Mar-24 15:51:47.342 [Solver] INFO  coursett.Test> **BEST[555]** V:500/569, T:485.20, TP:96.84%, SHC:8, SDC:64, SOC:217
25-Mar-24 15:51:47.401 [Solver] INFO  coursett.Test> **BEST[557]** V:501/569, T:485.20, TP:96.84%, SHC:8, SDC:64, SOC:217
25-Mar-24 15:51:47.414 [Solver] INFO  coursett.Test> **BEST[558]** V:502/569, T:485.20, TP:96.84%, SHC:8, SDC:64, SOC:217
25-Mar-24 15:51:47.456 [Solver] INFO  coursett.Test> **BEST[559]** V:503/569, T:488.00, TP:96.84%, SHC:8, SDC:64, SOC:224
25-Mar-24 15:51:47.482 [Solver] INFO  coursett.Test> **BEST[560]** V:504/569, T:488.00, TP:96.84%, SHC:8, SDC:64, SOC:224
25-Mar-24 15:51:47.524 [Solver] INFO  coursett.Test> **BEST[561]** V:505/569, T:511.60, TP:96.66%, SHC:8, SDC:64, SOC:233
25-Mar-24 15:51:47.548 [Solver] INFO  coursett.Test> **BEST[562]** V:506/569, T:511.60, TP:96.66%, SHC:8, SDC:64, SOC:233
25-Mar-24 15:51:47.567 [Solver] INFO  coursett.Test> **BEST[563]** V:507/569, T:511.60, TP:96.66%, SHC:8, SDC:64, SOC:233
25-Mar-24 15:51:47.592 [Solver] INFO  coursett.Test> **BEST[564]** V:508/569, T:511.60, TP:96.66%, SHC:8, SDC:64, SOC:233
25-Mar-24 15:51:47.687 [Solver] INFO  coursett.Test> **BEST[566]** V:509/569, T:511.60, TP:96.66%, SHC:8, SDC:64, SOC:233
25-Mar-24 15:51:47.711 [Solver] INFO  coursett.Test> **BEST[567]** V:510/569, T:511.60, TP:96.66%, SHC:8, SDC:64, SOC:233
25-Mar-24 15:51:47.770 [Solver] INFO  coursett.Test> **BEST[569]** V:511/569, T:511.60, TP:96.66%, SHC:8, SDC:64, SOC:233
25-Mar-24 15:51:47.790 [Solver] INFO  coursett.Test> **BEST[570]** V:512/569, T:531.60, TP:96.49%, SHC:8, SDC:64, SOC:233
25-Mar-24 15:51:47.893 [Solver] INFO  coursett.Test> **BEST[576]** V:513/569, T:531.60, TP:96.49%, SHC:8, SDC:64, SOC:233
25-Mar-24 15:51:47.947 [Solver] INFO  coursett.Test> **BEST[578]** V:514/569, T:541.20, TP:96.49%, SHC:12, SDC:66, SOC:239
25-Mar-24 15:51:47.970 [Solver] INFO  coursett.Test> **BEST[579]** V:515/569, T:541.20, TP:96.49%, SHC:12, SDC:66, SOC:239
25-Mar-24 15:51:47.992 [Solver] INFO  coursett.Test> **BEST[580]** V:516/569, T:541.20, TP:96.49%, SHC:12, SDC:66, SOC:239
25-Mar-24 15:51:48.014 [Solver] INFO  coursett.Test> **BEST[582]** V:517/569, T:541.20, TP:96.49%, SHC:12, SDC:66, SOC:239
25-Mar-24 15:51:48.046 [Solver] INFO  coursett.Test> **BEST[585]** V:518/569, T:541.20, TP:96.49%, SHC:12, SDC:66, SOC:239
25-Mar-24 15:51:48.056 [Solver] INFO  coursett.Test> **BEST[586]** V:519/569, T:541.20, TP:96.49%, SHC:12, SDC:66, SOC:239
25-Mar-24 15:51:48.126 [Solver] INFO  coursett.Test> **BEST[590]** V:520/569, T:561.20, TP:96.31%, SHC:12, SDC:66, SOC:239
25-Mar-24 15:51:48.670 [Solver] INFO  coursett.Test> **BEST[593]** V:521/569, T:565.20, TP:96.31%, SHC:12, SDC:66, SOC:249
25-Mar-24 15:51:48.721 [Solver] INFO  coursett.Test> **BEST[596]** V:522/569, T:585.20, TP:96.13%, SHC:12, SDC:66, SOC:249
25-Mar-24 15:51:48.755 [Solver] INFO  coursett.Test> **BEST[598]** V:523/569, T:608.80, TP:95.96%, SHC:12, SDC:66, SOC:258
25-Mar-24 15:51:48.787 [Solver] INFO  coursett.Test> **BEST[600]** V:523/569, T:607.60, TP:95.96%, SHC:12, SDC:66, SOC:255
25-Mar-24 15:51:48.853 [Solver] INFO  coursett.Test> **BEST[604]** V:524/569, T:611.60, TP:95.96%, SHC:13, SDC:66, SOC:261
25-Mar-24 15:51:48.873 [Solver] INFO  coursett.Test> **BEST[605]** V:525/569, T:611.60, TP:95.96%, SHC:13, SDC:66, SOC:261
25-Mar-24 15:51:48.942 [Solver] INFO  coursett.Test> **BEST[610]** V:525/569, T:610.00, TP:95.96%, SHC:13, SDC:66, SOC:257
25-Mar-24 15:51:48.970 [Solver] INFO  coursett.Test> **BEST[611]** V:526/569, T:610.00, TP:95.96%, SHC:13, SDC:66, SOC:257
25-Mar-24 15:51:49.028 [Solver] INFO  coursett.Test> **BEST[615]** V:527/569, T:610.00, TP:95.96%, SHC:13, SDC:66, SOC:257
25-Mar-24 15:51:49.037 [Solver] INFO  coursett.Test> **BEST[616]** V:528/569, T:610.00, TP:95.96%, SHC:13, SDC:66, SOC:257
25-Mar-24 15:51:49.078 [Solver] INFO  coursett.Test> **BEST[619]** V:529/569, T:610.00, TP:95.96%, SHC:13, SDC:66, SOC:257
25-Mar-24 15:51:49.087 [Solver] INFO  coursett.Test> **BEST[620]** V:530/569, T:610.00, TP:95.96%, SHC:13, SDC:66, SOC:257
25-Mar-24 15:51:49.258 [Solver] INFO  coursett.Test> **BEST[626]** V:531/569, T:610.00, TP:95.96%, SHC:13, SDC:66, SOC:257
25-Mar-24 15:51:49.338 [Solver] INFO  coursett.Test> **BEST[632]** V:532/569, T:610.00, TP:95.96%, SHC:13, SDC:66, SOC:257
25-Mar-24 15:51:49.369 [Solver] INFO  coursett.Test> **BEST[635]** V:533/569, T:610.00, TP:95.96%, SHC:13, SDC:66, SOC:257
25-Mar-24 15:51:49.507 [Solver] INFO  coursett.Test> **BEST[647]** V:533/569, T:609.60, TP:95.96%, SHC:13, SDC:66, SOC:256
25-Mar-24 15:51:49.606 [Solver] INFO  coursett.Test> **BEST[656]** V:533/569, T:605.20, TP:95.96%, SHC:13, SDC:61, SOC:250
25-Mar-24 15:51:49.642 [Solver] INFO  coursett.Test> **BEST[659]** V:534/569, T:605.20, TP:95.96%, SHC:13, SDC:61, SOC:250
25-Mar-24 15:51:49.652 [Solver] INFO  coursett.Test> **BEST[660]** V:535/569, T:605.20, TP:95.96%, SHC:13, SDC:61, SOC:250
25-Mar-24 15:51:49.738 [Solver] INFO  coursett.Test> **BEST[668]** V:536/569, T:605.20, TP:95.96%, SHC:13, SDC:61, SOC:250
25-Mar-24 15:51:49.787 [Solver] INFO  coursett.Test> **BEST[670]** V:537/569, T:605.20, TP:95.96%, SHC:13, SDC:61, SOC:250
25-Mar-24 15:51:50.034 [Solver] INFO  coursett.Test> **BEST[685]** V:538/569, T:614.00, TP:95.96%, SHC:13, SDC:61, SOC:272
25-Mar-24 15:51:50.609 [Solver] INFO  coursett.Test> **BEST[690]** V:538/569, T:613.20, TP:95.96%, SHC:13, SDC:59, SOC:272
25-Mar-24 15:51:52.283 [Solver] INFO  coursett.Test> **BEST[790]** V:539/569, T:613.20, TP:95.96%, SHC:13, SDC:59, SOC:272
25-Mar-24 15:51:53.602 [Solver] INFO  coursett.Test> **BEST[848]** V:540/569, T:646.40, TP:95.78%, SHC:13, SDC:70, SOC:294
25-Mar-24 15:51:53.762 [Solver] INFO  coursett.Test> **BEST[863]** V:540/569, T:642.40, TP:95.78%, SHC:13, SDC:70, SOC:284
25-Mar-24 15:51:56.858 [Solver] INFO  coursett.Test> **BEST[1067]** V:541/569, T:665.20, TP:95.78%, SHC:17, SDC:81, SOC:314
25-Mar-24 15:51:56.974 [Solver] INFO  coursett.Test> **BEST[1074]** V:542/569, T:666.00, TP:95.78%, SHC:17, SDC:81, SOC:316
25-Mar-24 15:51:57.964 [Solver] INFO  coursett.Test> **BEST[1108]** V:542/569, T:665.20, TP:95.78%, SHC:17, SDC:81, SOC:314
25-Mar-24 15:52:00.679 [Solver] INFO  coursett.Test> **BEST[1256]** V:542/569, T:664.80, TP:95.78%, SHC:17, SDC:81, SOC:313
25-Mar-24 15:52:02.154 [Solver] INFO  coursett.Test> **BEST[1397]** V:542/569, T:664.40, TP:95.78%, SHC:17, SDC:81, SOC:312
25-Mar-24 15:52:15.401 [Solver] INFO  coursett.Test> **BEST[2013]** V:542/569, T:651.20, TP:95.78%, SHC:13, SDC:81, SOC:295
25-Mar-24 15:52:24.885 [Solver] INFO  coursett.Test> **BEST[2493]** V:542/569, T:641.60, TP:95.78%, SHC:13, SDC:70, SOC:282
25-Mar-24 15:58:09.251 [Solver] INFO  coursett.Test> **BEST[19435]** V:542/569, T:640.40, TP:95.78%, SHC:16, SDC:71, SOC:266
25-Mar-24 15:58:13.383 [Solver] INFO  coursett.Test> **BEST[19527]** V:542/569, T:638.80, TP:95.78%, SHC:16, SDC:71, SOC:262
25-Mar-24 15:58:14.455 [Solver] INFO  coursett.Test> **BEST[19553]** V:542/569, T:638.40, TP:95.78%, SHC:16, SDC:71, SOC:261
25-Mar-24 15:58:27.052 [Solver] INFO  coursett.Test> **BEST[20100]** V:543/569, T:660.80, TP:95.61%, SHC:16, SDC:72, SOC:266
25-Mar-24 15:59:00.203 [Solver] INFO  coursett.Test> **BEST[21072]** V:543/569, T:660.00, TP:95.61%, SHC:16, SDC:72, SOC:264
25-Mar-24 15:59:07.069 [Solver] INFO  coursett.Test> **BEST[21229]** V:543/569, T:659.60, TP:95.61%, SHC:16, SDC:71, SOC:264
25-Mar-24 15:59:59.440 [Solver] INFO  coursett.Test> **BEST[22867]** V:543/569, T:654.40, TP:95.61%, SHC:16, SDC:71, SOC:251
25-Mar-24 16:00:00.117 [Solver] INFO  coursett.Test> **BEST[22882]** V:543/569, T:654.00, TP:95.61%, SHC:16, SDC:71, SOC:250
25-Mar-24 16:00:15.627 [Solver] INFO  coursett.Test> **BEST[23376]** V:543/569, T:653.60, TP:95.61%, SHC:16, SDC:71, SOC:249
25-Mar-24 16:03:22.361 [Solver] INFO  coursett.Test> **BEST[29809]** V:543/569, T:653.20, TP:95.61%, SHC:16, SDC:71, SOC:248
25-Mar-24 16:03:57.355 [Solver] INFO  coursett.Test> **BEST[30887]** V:543/569, T:652.80, TP:95.61%, SHC:16, SDC:72, SOC:246
25-Mar-24 16:06:59.523 [Solver] INFO  coursett.Test> **BEST[36438]** V:543/569, T:652.00, TP:95.61%, SHC:16, SDC:70, SOC:246
25-Mar-24 16:07:03.080 [Solver] INFO  coursett.Test> **BEST[36528]** V:543/569, T:650.00, TP:95.61%, SHC:16, SDC:70, SOC:241
25-Mar-24 16:07:14.135 [Solver] INFO  coursett.Test> **BEST[36866]** V:543/569, T:641.60, TP:95.61%, SHC:16, SDC:59, SOC:231
25-Mar-24 16:18:08.292 [Solver] INFO  coursett.Test> **BEST[54626]** V:543/569, T:639.60, TP:95.61%, SHC:16, SDC:60, SOC:225
25-Mar-24 16:18:54.465 [Solver] INFO  coursett.Test> **BEST[55641]** V:543/569, T:639.20, TP:95.61%, SHC:16, SDC:60, SOC:224
25-Mar-24 16:18:55.777 [Solver] INFO  coursett.Test> **BEST[55672]** V:543/569, T:638.40, TP:95.61%, SHC:16, SDC:60, SOC:222
25-Mar-24 16:19:07.998 [Solver] INFO  coursett.Test> **BEST[55961]** V:543/569, T:637.20, TP:95.61%, SHC:13, SDC:71, SOC:220
25-Mar-24 16:24:20.832 [Solver] INFO  coursett.Test> **BEST[63139]** V:543/569, T:636.80, TP:95.61%, SHC:13, SDC:74, SOC:216
25-Mar-24 16:25:52.216 [Solver] INFO  util.Progress> [Solver stopped.]
25-Mar-24 16:25:52.217 [ShutdownHook] INFO  coursett.Test> Last solution: [
    Assigned variables: 95.43% (543/569)
    Best Iteration: 63139
    Best Time: 32.82 min (32.06 it/s)
    Distribution preferences: 100.00% (0.00)
    Iteration: 64962
    Memory usage: 448.60M
    Overall solution value: 648.00
    Room preferences: 100.00% (0)
    Same subpart balancing penalty: 0.00
    Speed: 31.53 it/s
    Student conflicts: 318 [committed:0, distance:83, hard:13]
    Time: 34.34 min
    Time preferences: 95.61% (250.00)
    Too big rooms: 71.79% (1634)
    Useless half-hours: 0.27% (35 + 354)
  ]
25-Mar-24 16:25:52.218 [ShutdownHook] INFO  coursett.Test> Best solution (before restore): [
    Assigned variables: 95.43% (543/569)
    Distribution preferences: 100.00% (0.00)
    Iteration: 63139
    Memory usage: 328.34M
    Overall solution value: 636.80
    Room preferences: 100.00% (0)
    Same subpart balancing penalty: 0.00
    Speed: 32.06 it/s
    Student conflicts: 290 [committed:0, distance:74, hard:13]
    Time: 32.82 min
    Time preferences: 95.61% (250.00)
    Too big rooms: 73.37% (1670)
    Useless half-hours: 0.27% (34 + 352)
  ]
25-Mar-24 16:25:52.380 [ShutdownHook] INFO  coursett.Test> Best solution: [
    Assigned variables: 95.43% (543/569)
    Best Iteration: 63139
    Best Time: 32.82 min (32.06 it/s)
    Distribution preferences: 100.00% (0.00)
    Iteration: 64962
    Memory usage: 451.60M
    Overall solution value: 636.80
    Room preferences: 100.00% (0)
    Same subpart balancing penalty: 0.00
    Speed: 31.53 it/s
    Student conflicts: 290 [committed:0, distance:74, hard:13]
    Time: 34.34 min
    Time preferences: 95.61% (250.00)
    Too big rooms: 73.37% (1670)
    Useless half-hours: 0.27% (34 + 352)
  ]
25-Mar-24 16:25:52.381 [ShutdownHook] INFO  util.Progress> [Student Sectioning...]
25-Mar-24 16:25:52.384 [ShutdownHook] INFO  util.Progress> Student Conflicts: 290.00 (group: 0.00%)
25-Mar-24 16:25:53.535 [ShutdownHook] INFO  util.Progress> Iter=10k, Idle=7.05k, Speed=8779.63 it/s, Value=14.00, Objective=14.00, Group=0.00%
25-Mar-24 16:25:54.280 [ShutdownHook] INFO  util.Progress> Iter=20k, Idle=17.05k, Speed=10582.01 it/s, Value=14.00, Objective=14.00, Group=0.00%
25-Mar-24 16:25:55.211 [ShutdownHook] INFO  util.Progress> Iter=30k, Idle=27.05k, Speed=10645.85 it/s, Value=14.00, Objective=14.00, Group=0.00%
25-Mar-24 16:25:55.944 [ShutdownHook] INFO  util.Progress> Iter=40k, Idle=37.05k, Speed=11258.09 it/s, Value=14.00, Objective=14.00, Group=0.00%
25-Mar-24 16:25:56.526 [ShutdownHook] INFO  util.Progress> Iter=50k, Idle=47.05k, Speed=12074.38 it/s, Value=14.00, Objective=14.00, Group=0.00%
25-Mar-24 16:25:57.029 [ShutdownHook] INFO  util.Progress> Iter=60k, Idle=57.05k, Speed=12917.12 it/s, Value=14.00, Objective=14.00, Group=0.00%
25-Mar-24 16:25:57.767 [ShutdownHook] INFO  util.Progress> Iter=70k, Idle=67.05k, Speed=13001.49 it/s, Value=14.00, Objective=14.00, Group=0.00%
25-Mar-24 16:25:58.649 [ShutdownHook] INFO  util.Progress> Iter=80k, Idle=77.05k, Speed=12777.51 it/s, Value=14.00, Objective=14.00, Group=0.00%
25-Mar-24 16:25:59.262 [ShutdownHook] INFO  util.Progress> Iter=90k, Idle=87.05k, Speed=13094.72 it/s, Value=14.00, Objective=14.00, Group=0.00%
25-Mar-24 16:26:00.068 [ShutdownHook] INFO  util.Progress> Iter=100k, Idle=97.05k, Speed=13017.44 it/s, Value=14.00, Objective=14.00, Group=0.00%
25-Mar-24 16:26:00.289 [ShutdownHook] INFO  util.Progress> Student Conflicts: 14.00 (group: 0.00%)
25-Mar-24 16:26:01.037 [ShutdownHook] INFO  util.Progress> Iter=10k, Idle=0.00k, Speed=13513.51 it/s, Value=14.00, Objective=14.00, Group=0.00%
25-Mar-24 16:26:01.038 [ShutdownHook] INFO  util.Progress> Bound is 15.25, best value is 14.00 (108.91%), current value is 14.00 (108.91%)
25-Mar-24 16:26:01.680 [ShutdownHook] INFO  util.Progress> Iter=20k, Idle=0.05k, Speed=14450.87 it/s, Value=15.00, Objective=15.00, Group=0.00%
25-Mar-24 16:26:01.681 [ShutdownHook] INFO  util.Progress> Bound is 15.10, best value is 14.00 (107.82%), current value is 15.00 (100.63%)
25-Mar-24 16:26:02.409 [ShutdownHook] INFO  util.Progress> Iter=30k, Idle=3.63k, Speed=14211.27 it/s, Value=14.00, Objective=14.00, Group=0.00%
25-Mar-24 16:26:02.409 [ShutdownHook] INFO  util.Progress> Bound is 14.94, best value is 14.00 (106.75%), current value is 14.00 (106.75%)
25-Mar-24 16:26:03.199 [ShutdownHook] INFO  util.Progress> Iter=40k, Idle=13.63k, Speed=13783.60 it/s, Value=14.00, Objective=14.00, Group=0.00%
25-Mar-24 16:26:03.200 [ShutdownHook] INFO  util.Progress> Bound is 14.80, best value is 14.00 (105.69%), current value is 14.00 (105.69%)
25-Mar-24 16:26:03.835 [ShutdownHook] INFO  util.Progress> Iter=50k, Idle=23.63k, Speed=14136.27 it/s, Value=14.00, Objective=14.00, Group=0.00%
25-Mar-24 16:26:03.835 [ShutdownHook] INFO  util.Progress> Bound is 14.65, best value is 14.00 (104.64%), current value is 14.00 (104.64%)
25-Mar-24 16:26:04.512 [ShutdownHook] INFO  util.Progress> Iter=60k, Idle=33.63k, Speed=14258.56 it/s, Value=14.00, Objective=14.00, Group=0.00%
25-Mar-24 16:26:04.514 [ShutdownHook] INFO  util.Progress> Bound is 14.50, best value is 14.00 (103.59%), current value is 14.00 (103.59%)
25-Mar-24 16:26:05.501 [ShutdownHook] INFO  util.Progress> Iter=70k, Idle=43.63k, Speed=13453.78 it/s, Value=14.00, Objective=14.00, Group=0.00%
25-Mar-24 16:26:05.501 [ShutdownHook] INFO  util.Progress> Bound is 14.36, best value is 14.00 (102.56%), current value is 14.00 (102.56%)
25-Mar-24 16:26:06.207 [ShutdownHook] INFO  util.Progress> Iter=80k, Idle=53.63k, Speed=13534.09 it/s, Value=14.00, Objective=14.00, Group=0.00%
25-Mar-24 16:26:06.208 [ShutdownHook] INFO  util.Progress> Bound is 14.22, best value is 14.00 (101.54%), current value is 14.00 (101.54%)
25-Mar-24 16:26:06.973 [ShutdownHook] INFO  util.Progress> Iter=90k, Idle=63.63k, Speed=13483.15 it/s, Value=14.00, Objective=14.00, Group=0.00%
25-Mar-24 16:26:06.973 [ShutdownHook] INFO  util.Progress> Bound is 14.07, best value is 14.00 (100.53%), current value is 14.00 (100.53%)
25-Mar-24 16:26:07.886 [ShutdownHook] INFO  util.Progress> Iter=100k, Idle=73.63k, Speed=13175.23 it/s, Value=14.00, Objective=14.00, Group=0.00%
25-Mar-24 16:26:07.886 [ShutdownHook] INFO  util.Progress> Bound is 13.93, best value is 14.00 (99.53%), current value is 14.00 (99.53%)
25-Mar-24 16:26:08.808 [ShutdownHook] INFO  util.Progress> Iter=110k, Idle=83.63k, Speed=12925.97 it/s, Value=14.00, Objective=14.00, Group=0.00%
25-Mar-24 16:26:08.808 [ShutdownHook] INFO  util.Progress> Bound is 13.80, best value is 14.00 (98.54%), current value is 14.00 (98.54%)
25-Mar-24 16:26:10.524 [ShutdownHook] INFO  util.Progress> Iter=120k, Idle=93.63k, Speed=11738.24 it/s, Value=14.00, Objective=14.00, Group=0.00%
25-Mar-24 16:26:10.524 [ShutdownHook] INFO  util.Progress> Bound is 13.66, best value is 14.00 (97.56%), current value is 14.00 (97.56%)
25-Mar-24 16:26:11.025 [ShutdownHook] INFO  util.Progress> Iter=130k, Idle=103.63k, Speed=12117.82 it/s, Value=14.00, Objective=14.00, Group=0.00%
25-Mar-24 16:26:11.025 [ShutdownHook] INFO  util.Progress> Bound is 13.52, best value is 14.00 (96.59%), current value is 14.00 (96.59%)
25-Mar-24 16:26:11.688 [ShutdownHook] INFO  util.Progress> Iter=140k, Idle=113.63k, Speed=12291.48 it/s, Value=14.00, Objective=14.00, Group=0.00%
25-Mar-24 16:26:11.688 [ShutdownHook] INFO  util.Progress> Bound is 13.39, best value is 14.00 (95.63%), current value is 14.00 (95.63%)
25-Mar-24 16:26:12.365 [ShutdownHook] INFO  util.Progress> Iter=150k, Idle=123.63k, Speed=12428.54 it/s, Value=14.00, Objective=14.00, Group=0.00%
25-Mar-24 16:26:12.365 [ShutdownHook] INFO  util.Progress> Bound is 13.25, best value is 14.00 (94.68%), current value is 14.00 (94.68%)
25-Mar-24 16:26:12.886 [ShutdownHook] INFO  util.Progress> Iter=160k, Idle=133.63k, Speed=12709.51 it/s, Value=14.00, Objective=14.00, Group=0.00%
25-Mar-24 16:26:12.886 [ShutdownHook] INFO  util.Progress> Bound is 13.12, best value is 14.00 (93.74%), current value is 14.00 (93.74%)
25-Mar-24 16:26:13.341 [ShutdownHook] INFO  util.Progress> Iter=170k, Idle=143.63k, Speed=13032.81 it/s, Value=14.00, Objective=14.00, Group=0.00%
25-Mar-24 16:26:13.341 [ShutdownHook] INFO  util.Progress> Bound is 12.99, best value is 14.00 (92.80%), current value is 14.00 (92.80%)
25-Mar-24 16:26:13.843 [ShutdownHook] INFO  util.Progress> Iter=180k, Idle=153.63k, Speed=13289.04 it/s, Value=14.00, Objective=14.00, Group=0.00%
25-Mar-24 16:26:13.843 [ShutdownHook] INFO  util.Progress> Bound is 12.86, best value is 14.00 (91.88%), current value is 14.00 (91.88%)
25-Mar-24 16:26:14.434 [ShutdownHook] INFO  util.Progress> Iter=190k, Idle=163.63k, Speed=13438.96 it/s, Value=14.00, Objective=14.00, Group=0.00%
25-Mar-24 16:26:14.434 [ShutdownHook] INFO  util.Progress> Bound is 12.74, best value is 14.00 (90.97%), current value is 14.00 (90.97%)
25-Mar-24 16:26:15.133 [ShutdownHook] INFO  util.Progress> Iter=200k, Idle=173.63k, Speed=13479.81 it/s, Value=14.00, Objective=14.00, Group=0.00%
25-Mar-24 16:26:15.133 [ShutdownHook] INFO  util.Progress> Bound is 12.61, best value is 14.00 (90.06%), current value is 14.00 (90.06%)
25-Mar-24 16:26:15.164 [ShutdownHook] INFO  util.Progress> Student Conflicts: 14.00 (group: 0.00%)
25-Mar-24 16:26:15.165 [ShutdownHook] INFO  coursett.Test> Best solution: [
    Assigned variables: 95.43% (543/569)
    Best Iteration: 63139
    Best Time: 32.82 min (32.06 it/s)
    Distribution preferences: 100.00% (0.00)
    Iteration: 64962
    Memory usage: 509.34M
    Overall solution value: 526.40
    Room preferences: 100.00% (0)
    Same subpart balancing penalty: 0.00
    Speed: 31.53 it/s
    Student conflicts: 14 [committed:0, distance:1, hard:13]
    Time: 34.34 min
    Time preferences: 95.61% (250.00)
    Too big rooms: 73.37% (1670)
    Useless half-hours: 0.27% (34 + 352)
  ]
25-Mar-24 16:26:15.348 [ShutdownHook] INFO  coursett.Test> Total number of done iteration steps:64962
25-Mar-24 16:26:15.349 [ShutdownHook] INFO  coursett.Test> Achieved speed: 31.526 iterations/second
